DEBUG 2020-08-21 08:08:14.549 UTC: 	 CRAB Client version: v3.200719
DEBUG 2020-08-21 08:08:14.549 UTC: 	 Running on: Linux lxplus730.cern.ch 3.10.0-1127.13.1.el7.x86_64 #1 SMP Tue Jun 23 15:46:38 UTC 2020 x86_64 x86_64 x86_64 GNU/Linux - CentOS Linux 7 (Core)
DEBUG 2020-08-21 08:08:14.563 UTC: 	 OpenSSl version: OpenSSL 1.0.2k-fips  26 Jan 2017 (Library: OpenSSL 1.0.2d-fips 9 Jul 2015)
DEBUG 2020-08-21 08:08:14.564 UTC: 	 Executing command: 'submit'
DEBUG 2020-08-21 08:08:14.566 UTC: 	 Found CRAB cache file /afs/cern.ch/user/s/sobarman/.crab3
INFO 2020-08-21 08:08:14.588 UTC: 	 Will use CRAB configuration file crabConfig_MC_generation_ttbar_QCD_NLO_4f_mg265.py
DEBUG 2020-08-21 08:08:14.588 UTC: 	 Loading CRAB configuration file.
DEBUG 2020-08-21 08:08:14.592 UTC: 	 Will use CRAB PrivateMC plugin (i.e. will run a MC generation job type).
DEBUG 2020-08-21 08:08:14.606 UTC: 	 Checking credentials
DEBUG 2020-08-21 08:08:14.606 UTC: 	 Found proxy file /tmp/x509up_u124615
DEBUG 2020-08-21 08:08:14.607 UTC: 	 Getting proxy life time left
DEBUG 2020-08-21 08:08:15.211 UTC: 	 Executing : 
 command : voms-proxy-info -file /tmp/x509up_u124615 -timeleft
 output : 39855

 error: 
 retcode : 0
DEBUG 2020-08-21 08:08:15.816 UTC: 	 Executing : 
 command : voms-proxy-info -file /tmp/x509up_u124615 -actimeleft
 output : 39855

 error: 
 retcode : 0
DEBUG 2020-08-21 08:08:15.817 UTC: 	 Proxy valid for 11:04:15 hours
DEBUG 2020-08-21 08:08:16.424 UTC: 	 Executing : 
 command : env X509_USER_PROXY=/tmp/x509up_u124615 voms-proxy-info -fqan
 output : /cms/Role=NULL/Capability=NULL

 error: 
 retcode : 0
DEBUG 2020-08-21 08:08:16.537 UTC: 	 Registering user credentials for server /DC=ch/DC=cern/OU=computers/CN=vocms0105.cern.ch|/DC=ch/DC=cern/OU=computers/CN=crab-(preprod|prod|dev)-tw(02|01).cern.ch|/DC=ch/DC=cern/OU=computers/CN=(ddi|ddidk|mytw).cern.ch|/DC=ch/DC=cern/OU=computers/CN=stefanov(m|m2).cern.ch
DEBUG 2020-08-21 08:08:16.647 UTC: 	 Executing : 
 command : openssl x509 -in ~/.globus/usercert.pem -subject -noout
 output : subject= /DC=ch/DC=cern/OU=Organic Units/OU=Users/CN=sobarman/CN=839376/CN=Soumyadip Barman

 error: 
 retcode : 0
DEBUG 2020-08-21 08:08:16.647 UTC: 	 Getting myproxy life time left for myproxy.cern.ch
DEBUG 2020-08-21 08:08:16.647 UTC: 	 Calculating hash of /DC=ch/DC=cern/OU=Organic Units/OU=Users/CN=sobarman/CN=839376/CN=Soumyadip Barman_cmsweb.cern.ch for credential name
DEBUG 2020-08-21 08:08:17.052 UTC: 	 Executing : 
 command : myproxy-info -l 53eba2ac31db42de697e6b6e421418d457bb442e -s myproxy.cern.ch
 output : username: 53eba2ac31db42de697e6b6e421418d457bb442e
owner: /DC=ch/DC=cern/OU=Organic Units/OU=Users/CN=sobarman/CN=839376/CN=Soumyadip Barman
  renewal policy: /DC=ch/DC=cern/OU=computers/CN=vocms0105.cern.ch|/DC=ch/DC=cern/OU=computers/CN=crab-(preprod|prod|dev)-tw(02|01).cern.ch|/DC=ch/DC=cern/OU=computers/CN=(ddi|ddidk|mytw).cern.ch|/DC=ch/DC=cern/OU=computers/CN=stefanov(m|m2).cern.ch
  trusted retrieval policy: /DC=ch/DC=cern/OU=computers/CN=vocms0105.cern.ch|/DC=ch/DC=cern/OU=computers/CN=crab-(preprod|prod|dev)-tw(02|01).cern.ch|/DC=ch/DC=cern/OU=computers/CN=(ddi|ddidk|mytw).cern.ch|/DC=ch/DC=cern/OU=computers/CN=stefanov(m|m2).cern.ch
  timeleft: 391:35:50  (16.3 days)

 error: 
 retcode : 0
DEBUG 2020-08-21 08:08:17.053 UTC: 	 Myproxy is valid: 1409750
DEBUG 2020-08-21 08:08:17.053 UTC: 	 Retrieving username ...
DEBUG 2020-08-21 08:08:17.053 UTC: 	 Retrieving username from CRIC...
DEBUG 2020-08-21 08:08:18.574 UTC: 	 username is sobarman
DEBUG 2020-08-21 08:08:18.580 UTC: 	 Getting myproxy life time left for myproxy.cern.ch
DEBUG 2020-08-21 08:08:18.580 UTC: 	 using sobarman_CRAB as credential login name
DEBUG 2020-08-21 08:08:18.884 UTC: 	 Executing : 
 command : myproxy-info -l sobarman_CRAB -s myproxy.cern.ch
 output : username: sobarman_CRAB
owner: /DC=ch/DC=cern/OU=Organic Units/OU=Users/CN=sobarman/CN=839376/CN=Soumyadip Barman
  renewal policy: /DC=ch/DC=cern/OU=computers/CN=vocms0105.cern.ch|/DC=ch/DC=cern/OU=computers/CN=crab-(preprod|prod|dev)-tw(02|01).cern.ch|/DC=ch/DC=cern/OU=computers/CN=(ddi|ddidk|mytw).cern.ch|/DC=ch/DC=cern/OU=computers/CN=stefanov(m|m2).cern.ch
  trusted retrieval policy: /DC=ch/DC=cern/OU=computers/CN=vocms0105.cern.ch|/DC=ch/DC=cern/OU=computers/CN=crab-(preprod|prod|dev)-tw(02|01).cern.ch|/DC=ch/DC=cern/OU=computers/CN=(ddi|ddidk|mytw).cern.ch|/DC=ch/DC=cern/OU=computers/CN=stefanov(m|m2).cern.ch
  timeleft: 391:36:01  (16.3 days)

 error: 
 retcode : 0
DEBUG 2020-08-21 08:08:18.885 UTC: 	 Myproxy is valid: 1409761
DEBUG 2020-08-21 08:08:18.885 UTC: 	 Command use: submit
DEBUG 2020-08-21 08:08:18.885 UTC: 	 Options use: ['-c', 'crabConfig_MC_generation_ttbar_QCD_NLO_4f_mg265.py']
DEBUG 2020-08-21 08:08:19.011 UTC: 	 CRABClient version: v3.200719
DEBUG 2020-08-21 08:08:19.011 UTC: 	 Instance is prod
DEBUG 2020-08-21 08:08:19.011 UTC: 	 Server base url is cmsweb.cern.ch
DEBUG 2020-08-21 08:08:19.011 UTC: 	 Command url /crabserver/prod/workflow
DEBUG 2020-08-21 08:08:19.011 UTC: 	 Started submission
DEBUG 2020-08-21 08:08:19.011 UTC: 	 Working on /afs/cern.ch/work/s/sobarman/private/Fragments/CMSSW_11_0_2/src/Configuration/GenProduction/python/crab_files/crab_projects/crab_ttbar_QCD_NLO_4f_mg265-v3
DEBUG 2020-08-21 08:08:19.159 UTC: 	 Loading required information from the environment
DEBUG 2020-08-21 08:08:19.159 UTC: 	 Found CMSSW_11_0_2 for slc7_amd64_gcc820 with base /afs/cern.ch/work/s/sobarman/private/Fragments/CMSSW_11_0_2
DEBUG 2020-08-21 08:08:19.159 UTC: 	 UNIQUE NAME: tarUUID 0afcc6c2-9f01-4e7f-a751-3bded0416ff9 
DEBUG 2020-08-21 08:08:19.159 UTC: 	 self.config: from WMCore.Configuration import Configuration
config = Configuration()
config.section_('General')
config.General.transferLogs = True
config.General.transferOutputs = True
config.General.workArea = 'crab_projects'
config.General.requestName = 'ttbar_QCD_NLO_4f_mg265-v3'
config.section_('JobType')
config.JobType.psetName = '../configs/Hadronizer_TuneCP5_13TeV_aMCatNLO_2p_LHE_pythia8_ttbar_QCD_NLO_4f_mg265_cfg.py'
config.JobType.pluginName = 'PrivateMC'
config.JobType.inputFiles = ['/afs/cern.ch/work/s/sobarman/private/MC@NLO/Gridpack/ttbar_QCD_NLO_4f_mg265_slc6_amd64_gcc630_CMSSW_9_3_16_tarball.tar.xz']
config.section_('Data')
config.Data.outputDatasetTag = 'Generator_Negative_weight'
config.Data.publication = False
config.Data.unitsPerJob = 1000
config.Data.splitting = 'EventBased'
config.Data.outLFNDirBase = '/store/user/sobarman/'
config.Data.outputPrimaryDataset = 'ttbar_QCD_NLO_4f_mg265-v1'
config.Data.totalUnits = 2000
config.section_('Site')
config.Site.storageSite = 'T2_IN_TIFR'
config.section_('User')
config.section_('Debug')

DEBUG 2020-08-21 08:08:19.159 UTC: 	 self.config.JobType.psetName: ../configs/Hadronizer_TuneCP5_13TeV_aMCatNLO_2p_LHE_pythia8_ttbar_QCD_NLO_4f_mg265_cfg.py
INFO 2020-08-21 08:08:19.159 UTC: 	 Importing CMSSW configuration ../configs/Hadronizer_TuneCP5_13TeV_aMCatNLO_2p_LHE_pythia8_ttbar_QCD_NLO_4f_mg265_cfg.py
INFO 2020-08-21 08:08:21.445 UTC: 	 Finished importing CMSSW configuration ../configs/Hadronizer_TuneCP5_13TeV_aMCatNLO_2p_LHE_pythia8_ttbar_QCD_NLO_4f_mg265_cfg.py
DEBUG 2020-08-21 08:08:21.445 UTC: 	 Writing CMSSW configuration to /afs/cern.ch/work/s/sobarman/private/Fragments/CMSSW_11_0_2/src/Configuration/GenProduction/python/crab_files/crab_projects/crab_ttbar_QCD_NLO_4f_mg265-v3/inputs/PSet.py
DEBUG 2020-08-21 08:08:22.135 UTC: 	 The following EDM output files will be collected: ['ttbar_QCD_NLO_4f_mg265.root']
DEBUG 2020-08-21 08:08:22.135 UTC: 	 The following TFile output files will be collected: []
DEBUG 2020-08-21 08:08:22.135 UTC: 	 The following user output files (not listed as PoolOuputModule or TFileService in the CMSSW PSet) will be collected: 
DEBUG 2020-08-21 08:08:22.135 UTC: 	 Loading required information from the environment
DEBUG 2020-08-21 08:08:22.135 UTC: 	 Found CMSSW_11_0_2 for slc7_amd64_gcc820 with base /afs/cern.ch/work/s/sobarman/private/Fragments/CMSSW_11_0_2
DEBUG 2020-08-21 08:08:22.135 UTC: 	 Making tarball in /afs/cern.ch/work/s/sobarman/private/Fragments/CMSSW_11_0_2/src/Configuration/GenProduction/python/crab_files/crab_projects/crab_ttbar_QCD_NLO_4f_mg265-v3/inputs/0afcc6c2-9f01-4e7f-a751-3bded0416ff9default.tgz
DEBUG 2020-08-21 08:08:22.136 UTC: 	 Checking directory /afs/cern.ch/work/s/sobarman/private/Fragments/CMSSW_11_0_2/lib
DEBUG 2020-08-21 08:08:22.136 UTC: 	 Adding directory /afs/cern.ch/work/s/sobarman/private/Fragments/CMSSW_11_0_2/lib to tarball
DEBUG 2020-08-21 08:08:22.516 UTC: 	 Checking directory /afs/cern.ch/work/s/sobarman/private/Fragments/CMSSW_11_0_2/biglib
DEBUG 2020-08-21 08:08:22.516 UTC: 	 Adding directory /afs/cern.ch/work/s/sobarman/private/Fragments/CMSSW_11_0_2/biglib to tarball
DEBUG 2020-08-21 08:08:22.517 UTC: 	 Checking directory /afs/cern.ch/work/s/sobarman/private/Fragments/CMSSW_11_0_2/module
DEBUG 2020-08-21 08:08:22.699 UTC: 	 Adding data directory /afs/cern.ch/work/s/sobarman/private/Fragments/CMSSW_11_0_2/src/Configuration/PyReleaseValidation/data to tarball
DEBUG 2020-08-21 08:08:51.312 UTC: 	 Adding data directory /afs/cern.ch/work/s/sobarman/private/Fragments/CMSSW_11_0_2/src/PhysicsTools/NanoAOD/interface to tarball
DEBUG 2020-08-21 08:08:51.482 UTC: 	 Adding file /afs/cern.ch/work/s/sobarman/private/MC@NLO/Gridpack/ttbar_QCD_NLO_4f_mg265_slc6_amd64_gcc630_CMSSW_9_3_16_tarball.tar.xz to tarball
DEBUG 2020-08-21 08:09:07.974 UTC: 	 Uploading archive /afs/cern.ch/work/s/sobarman/private/Fragments/CMSSW_11_0_2/src/Configuration/GenProduction/python/crab_files/crab_projects/crab_ttbar_QCD_NLO_4f_mg265-v3/inputs/0afcc6c2-9f01-4e7f-a751-3bded0416ff9default.tgz (61 MB) to the CRAB cache. Using URI https://cmsweb.cern.ch/crabcache
DEBUG 2020-08-21 08:09:49.726 UTC: 	 Loading required information from the environment
DEBUG 2020-08-21 08:09:49.726 UTC: 	 Found CMSSW_11_0_2 for slc7_amd64_gcc820 with base /afs/cern.ch/work/s/sobarman/private/Fragments/CMSSW_11_0_2
DEBUG 2020-08-21 08:09:49.726 UTC: 	 Making tarball in /afs/cern.ch/work/s/sobarman/private/Fragments/CMSSW_11_0_2/src/Configuration/GenProduction/python/crab_files/crab_projects/crab_ttbar_QCD_NLO_4f_mg265-v3/inputs/debugFiles.tgz
DEBUG 2020-08-21 08:09:49.734 UTC: 	 Uploading archive /afs/cern.ch/work/s/sobarman/private/Fragments/CMSSW_11_0_2/src/Configuration/GenProduction/python/crab_files/crab_projects/crab_ttbar_QCD_NLO_4f_mg265-v3/inputs/debugFiles.tgz (3 KB) to the CRAB cache. Using URI https://cmsweb.cern.ch/crabcache
DEBUG 2020-08-21 08:09:49.797 UTC: 	 Result uploading input files: d17e81c0811b21494845fc7d95599aa74c5495bec1e1ceed19bde66660e7d470.tar.gz 
INFO 2020-08-21 08:09:49.797 UTC: 	 Sending the request to the server at cmsweb.cern.ch
DEBUG 2020-08-21 08:09:49.797 UTC: 	 Submitting {'maxjobruntime': 1250, 'extrajdl': [], 'ignorelocality': 0, 'savelogsflag': 1, 'useparent': 0, 'asyncdest': 'T2_IN_TIFR', 'algoargs': 1000, 'cachefilename': 'd17e81c0811b21494845fc7d95599aa74c5495bec1e1ceed19bde66660e7d470.tar.gz', 'numcores': 1, 'addoutputfiles': [], 'generator': 'pythia', 'maxmemory': 2000, 'publishdbsurl': 'https://cmsweb.cern.ch/dbs/prod/phys03/DBSWriter', 'priority': 10, 'jobsw': 'CMSSW_11_0_2', 'edmoutfiles': ['ttbar_QCD_NLO_4f_mg265.root'], 'userfiles': [], 'primarydataset': 'ttbar_QCD_NLO_4f_mg265-v1', 'inputdata': '', 'lfn': '/store/user/sobarman/', 'dryrun': 0, 'workflow': 'crab_ttbar_QCD_NLO_4f_mg265-v3', 'cacheurl': u'https://cmsweb.cern.ch/crabcache', 'nonprodsw': 0, 'tfileoutfiles': [], 'oneEventMode': 0, 'debugfilename': '429cacde24fc2be45111b3aa67f714ded70d5ea6eac03188add8df738b404cf2.tar.gz', 'saveoutput': 1, 'publication': 0, 'jobarch': 'slc7_amd64_gcc820', 'totalunits': 2000, 'splitalgo': 'EventBased', 'ignoreglobalblacklist': 0, 'nonvaliddata': 0, 'dbsurl': 'https://cmsweb.cern.ch/dbs/prod/global/DBSReader', 'publishgroupname': 0, 'jobtype': 'PrivateMC', 'publishname2': 'Generator_Negative_weight'} 
DEBUG 2020-08-21 08:09:49.797 UTC: 	 Encoded submit request: maxjobruntime=1250&ignorelocality=0&savelogsflag=1&useparent=0&asyncdest=T2_IN_TIFR&algoargs=1000&cachefilename=d17e81c0811b21494845fc7d95599aa74c5495bec1e1ceed19bde66660e7d470.tar.gz&numcores=1&generator=pythia&maxmemory=2000&publishdbsurl=https%3A%2F%2Fcmsweb.cern.ch%2Fdbs%2Fprod%2Fphys03%2FDBSWriter&priority=10&jobsw=CMSSW_11_0_2&primarydataset=ttbar_QCD_NLO_4f_mg265-v1&inputdata=&lfn=%2Fstore%2Fuser%2Fsobarman%2F&dryrun=0&workflow=crab_ttbar_QCD_NLO_4f_mg265-v3&cacheurl=https%3A%2F%2Fcmsweb.cern.ch%2Fcrabcache&nonprodsw=0&oneEventMode=0&debugfilename=429cacde24fc2be45111b3aa67f714ded70d5ea6eac03188add8df738b404cf2.tar.gz&saveoutput=1&publication=0&jobarch=slc7_amd64_gcc820&totalunits=2000&splitalgo=EventBased&ignoreglobalblacklist=0&nonvaliddata=0&dbsurl=https%3A%2F%2Fcmsweb.cern.ch%2Fdbs%2Fprod%2Fglobal%2FDBSReader&publishgroupname=0&jobtype=PrivateMC&publishname2=Generator_Negative_weight&edmoutfiles=ttbar_QCD_NLO_4f_mg265.root
DEBUG 2020-08-21 08:09:49.934 UTC: 	 Result: {u'result': [{u'RequestName': u'200821_080949:sobarman_crab_ttbar_QCD_NLO_4f_mg265-v3'}]}
INFO 2020-08-21 08:09:49.937 UTC: 	 Success: Your task has been delivered to the prod CRAB3 server.
INFO 2020-08-21 08:09:49.937 UTC: 	 Task name: 200821_080949:sobarman_crab_ttbar_QCD_NLO_4f_mg265-v3
INFO 2020-08-21 08:09:49.937 UTC: 	 Project dir: crab_projects/crab_ttbar_QCD_NLO_4f_mg265-v3
INFO 2020-08-21 08:09:49.937 UTC: 	 Please use ' crab status -d crab_projects/crab_ttbar_QCD_NLO_4f_mg265-v3 ' to check how the submission process proceeds.
DEBUG 2020-08-21 08:09:49.937 UTC: 	 About to return
INFO 2020-08-21 08:09:49.939 UTC: 	 Log file is /afs/cern.ch/work/s/sobarman/private/Fragments/CMSSW_11_0_2/src/Configuration/GenProduction/python/crab_files/crab_projects/crab_ttbar_QCD_NLO_4f_mg265-v3/crab.log
DEBUG 2020-08-21 08:12:03.694 UTC: 	 CRAB Client version: v3.200719
DEBUG 2020-08-21 08:12:03.695 UTC: 	 Running on: Linux lxplus730.cern.ch 3.10.0-1127.13.1.el7.x86_64 #1 SMP Tue Jun 23 15:46:38 UTC 2020 x86_64 x86_64 x86_64 GNU/Linux - CentOS Linux 7 (Core)
DEBUG 2020-08-21 08:12:03.709 UTC: 	 OpenSSl version: OpenSSL 1.0.2k-fips  26 Jan 2017 (Library: OpenSSL 1.0.2d-fips 9 Jul 2015)
DEBUG 2020-08-21 08:12:03.709 UTC: 	 Executing command: 'status'
DEBUG 2020-08-21 08:12:03.713 UTC: 	 Found CRAB cache file /afs/cern.ch/user/s/sobarman/.crab3
DEBUG 2020-08-21 08:12:03.727 UTC: 	 Checking credentials
DEBUG 2020-08-21 08:12:03.728 UTC: 	 Found proxy file /tmp/x509up_u124615
DEBUG 2020-08-21 08:12:03.728 UTC: 	 Getting proxy life time left
DEBUG 2020-08-21 08:12:04.332 UTC: 	 Executing : 
 command : voms-proxy-info -file /tmp/x509up_u124615 -timeleft
 output : 39626

 error: 
 retcode : 0
DEBUG 2020-08-21 08:12:04.837 UTC: 	 Executing : 
 command : voms-proxy-info -file /tmp/x509up_u124615 -actimeleft
 output : 39626

 error: 
 retcode : 0
DEBUG 2020-08-21 08:12:04.837 UTC: 	 Proxy valid for 11:00:26 hours
DEBUG 2020-08-21 08:12:04.913 UTC: 	 Registering user credentials for server /DC=ch/DC=cern/OU=computers/CN=vocms0105.cern.ch|/DC=ch/DC=cern/OU=computers/CN=crab-(preprod|prod|dev)-tw(02|01).cern.ch|/DC=ch/DC=cern/OU=computers/CN=(ddi|ddidk|mytw).cern.ch|/DC=ch/DC=cern/OU=computers/CN=stefanov(m|m2).cern.ch
DEBUG 2020-08-21 08:12:05.023 UTC: 	 Executing : 
 command : openssl x509 -in ~/.globus/usercert.pem -subject -noout
 output : subject= /DC=ch/DC=cern/OU=Organic Units/OU=Users/CN=sobarman/CN=839376/CN=Soumyadip Barman

 error: 
 retcode : 0
DEBUG 2020-08-21 08:12:05.024 UTC: 	 Getting myproxy life time left for myproxy.cern.ch
DEBUG 2020-08-21 08:12:05.024 UTC: 	 Calculating hash of /DC=ch/DC=cern/OU=Organic Units/OU=Users/CN=sobarman/CN=839376/CN=Soumyadip Barman_cmsweb.cern.ch for credential name
DEBUG 2020-08-21 08:12:05.328 UTC: 	 Executing : 
 command : myproxy-info -l 53eba2ac31db42de697e6b6e421418d457bb442e -s myproxy.cern.ch
 output : username: 53eba2ac31db42de697e6b6e421418d457bb442e
owner: /DC=ch/DC=cern/OU=Organic Units/OU=Users/CN=sobarman/CN=839376/CN=Soumyadip Barman
  renewal policy: /DC=ch/DC=cern/OU=computers/CN=vocms0105.cern.ch|/DC=ch/DC=cern/OU=computers/CN=crab-(preprod|prod|dev)-tw(02|01).cern.ch|/DC=ch/DC=cern/OU=computers/CN=(ddi|ddidk|mytw).cern.ch|/DC=ch/DC=cern/OU=computers/CN=stefanov(m|m2).cern.ch
  trusted retrieval policy: /DC=ch/DC=cern/OU=computers/CN=vocms0105.cern.ch|/DC=ch/DC=cern/OU=computers/CN=crab-(preprod|prod|dev)-tw(02|01).cern.ch|/DC=ch/DC=cern/OU=computers/CN=(ddi|ddidk|mytw).cern.ch|/DC=ch/DC=cern/OU=computers/CN=stefanov(m|m2).cern.ch
  timeleft: 391:32:01  (16.3 days)

 error: 
 retcode : 0
DEBUG 2020-08-21 08:12:05.329 UTC: 	 Myproxy is valid: 1409521
DEBUG 2020-08-21 08:12:05.329 UTC: 	 Retrieving username ...
DEBUG 2020-08-21 08:12:05.329 UTC: 	 Retrieving username from CRIC...
DEBUG 2020-08-21 08:12:08.275 UTC: 	 username is sobarman
DEBUG 2020-08-21 08:12:08.281 UTC: 	 Getting myproxy life time left for myproxy.cern.ch
DEBUG 2020-08-21 08:12:08.281 UTC: 	 using sobarman_CRAB as credential login name
DEBUG 2020-08-21 08:12:08.586 UTC: 	 Executing : 
 command : myproxy-info -l sobarman_CRAB -s myproxy.cern.ch
 output : username: sobarman_CRAB
owner: /DC=ch/DC=cern/OU=Organic Units/OU=Users/CN=sobarman/CN=839376/CN=Soumyadip Barman
  renewal policy: /DC=ch/DC=cern/OU=computers/CN=vocms0105.cern.ch|/DC=ch/DC=cern/OU=computers/CN=crab-(preprod|prod|dev)-tw(02|01).cern.ch|/DC=ch/DC=cern/OU=computers/CN=(ddi|ddidk|mytw).cern.ch|/DC=ch/DC=cern/OU=computers/CN=stefanov(m|m2).cern.ch
  trusted retrieval policy: /DC=ch/DC=cern/OU=computers/CN=vocms0105.cern.ch|/DC=ch/DC=cern/OU=computers/CN=crab-(preprod|prod|dev)-tw(02|01).cern.ch|/DC=ch/DC=cern/OU=computers/CN=(ddi|ddidk|mytw).cern.ch|/DC=ch/DC=cern/OU=computers/CN=stefanov(m|m2).cern.ch
  timeleft: 391:32:11  (16.3 days)

 error: 
 retcode : 0
DEBUG 2020-08-21 08:12:08.586 UTC: 	 Myproxy is valid: 1409531
DEBUG 2020-08-21 08:12:08.587 UTC: 	 Command use: status
DEBUG 2020-08-21 08:12:08.587 UTC: 	 Options use: ['-d', 'crab_projects/crab_ttbar_QCD_NLO_4f_mg265-v3']
DEBUG 2020-08-21 08:12:08.658 UTC: 	 CRABClient version: v3.200719
DEBUG 2020-08-21 08:12:08.658 UTC: 	 Instance is prod
DEBUG 2020-08-21 08:12:08.658 UTC: 	 Server base url is cmsweb.cern.ch
DEBUG 2020-08-21 08:12:08.658 UTC: 	 Command url /crabserver/prod/workflow
DEBUG 2020-08-21 08:12:08.727 UTC: 	 Got information from server oracle database: {u'result': [u'200821_080949:sobarman_crab_ttbar_QCD_NLO_4f_mg265-v3', u'None', u'None', u'SUBMITTED', u'SUBMIT', u'2020-08-21 08:09:49.927117', u'None', u'2020-08-21 08:10:34.215255', u'None', u'CMSSW_11_0_2', u'slc7_amd64_gcc820', u'None', u'F', u'0', u'[]', u'[]', u'EventBased', u"{'splitOnRun': False, 'events_per_job': 1000, 'halt_job_on_file_boundaries': False, 'runs': [], 'lumis': []}", u'd17e81c0811b21494845fc7d95599aa74c5495bec1e1ceed19bde66660e7d470.tar.gz', u'https://cmsweb.cern.ch/crabcache', u'sobarman', u'/DC=ch/DC=cern/OU=Organic Units/OU=Users/CN=sobarman/CN=839376/CN=Soumyadip Barman', u'cms', u'None', u'None', u'Generator_Negative_weight-00000000000000000000000000000000', u'F', u'T2_IN_TIFR', u'https://cmsweb.cern.ch/dbs/prod/global/DBSReader', u'https://cmsweb.cern.ch/dbs/prod/phys03/DBSWriter', u'F', u'[]', u'[]', u"['ttbar_QCD_NLO_4f_mg265.root']", u'PrivateMC', u'pythia', u'None', u'{}', u'[]', u'T', u'crab-prod-tw01', u'[]', u'1250', u'1', u'2000', u'10', u'None', u'[]', u'http://vocms0198.cern.ch/mon/cms617/200821_080949:sobarman_crab_ttbar_QCD_NLO_4f_mg265-v3', u'None', u'[]', u'[]', u'https://cmsweb.cern.ch/crabserver/prod', u'cmsgwms-collector-global.cern.ch:9620,cmsgwms-collector-global.fnal.gov', u'crab3@vocms0198.cern.ch', u'F', u'[]', u'T', u'/store/user/sobarman/', u'F', u'None', u'F', u'None', u'ttbar_QCD_NLO_4f_mg265-v1', u'None', u'429cacde24fc2be45111b3aa67f714ded70d5ea6eac03188add8df738b404cf2.tar.gz', u'52056506', u'filetransfers', u'F', u'2001:1458:d00:3b::100:3e6', u'2000.0', u'None'], u'desc': {u'columns': [u'tm_taskname', u'tm_activity', u'panda_jobset_id', u'tm_task_status', u'tm_task_command', u'tm_start_time', u'tm_start_injection', u'tm_end_injection', u'tm_task_failure', u'tm_job_sw', u'tm_job_arch', u'tm_input_dataset', u'tm_nonvalid_input_dataset', u'tm_use_parent', u'tm_site_whitelist', u'tm_site_blacklist', u'tm_split_algo', u'tm_split_args', u'tm_user_sandbox', u'tm_cache_url', u'tm_username', u'tm_user_dn', u'tm_user_vo', u'tm_user_role', u'tm_user_group', u'tm_publish_name', u'tm_publish_groupname', u'tm_asyncdest', u'tm_dbs_url', u'tm_publish_dbs_url', u'tm_publication', u'tm_outfiles', u'tm_tfile_outfiles', u'tm_edm_outfiles', u'tm_job_type', u'tm_generator', u'tm_events_per_lumi', u'tm_arguments', u'panda_resubmitted_jobs', u'tm_save_logs', u'tw_name', u'tm_user_infiles', u'tm_maxjobruntime', u'tm_numcores', u'tm_maxmemory', u'tm_priority', u'tm_output_dataset', u'tm_task_warnings', u'tm_user_webdir', u'tm_scriptexe', u'tm_scriptargs', u'tm_extrajdl', u'tm_asourl', u'tm_collector', u'tm_schedd', u'tm_dry_run', u'tm_user_files', u'tm_transfer_outputs', u'tm_output_lfn', u'tm_ignore_locality', u'tm_fail_limit', u'tm_one_event_mode', u'tm_secondary_input_dataset', u'tm_primary_dataset', u'tm_last_publication', u'tm_debug_files', u'clusterid', u'tm_asodb', u'tm_ignore_global_blacklist', u'tm_submitter_ip_addr', u'tm_totalunits', u'tm_ddm_reqid']}}
INFO 2020-08-21 08:12:08.727 UTC: 	 CRAB project directory:		/afs/cern.ch/work/s/sobarman/private/Fragments/CMSSW_11_0_2/src/Configuration/GenProduction/python/crab_files/crab_projects/crab_ttbar_QCD_NLO_4f_mg265-v3
INFO 2020-08-21 08:12:08.727 UTC: 	 Task name:			200821_080949:sobarman_crab_ttbar_QCD_NLO_4f_mg265-v3
INFO 2020-08-21 08:12:08.727 UTC: 	 Grid scheduler - Task Worker:	crab3@vocms0198.cern.ch - crab-prod-tw01
INFO 2020-08-21 08:12:08.727 UTC: 	 Status on the CRAB server:	SUBMITTED
INFO 2020-08-21 08:12:08.727 UTC: 	 Task URL to use for HELP:	https://cmsweb.cern.ch/crabserver/ui/task/200821_080949%3Asobarman_crab_ttbar_QCD_NLO_4f_mg265-v3
INFO 2020-08-21 08:12:08.735 UTC: 	 Dashboard monitoring URL:	https://monit-grafana.cern.ch/d/cmsTMDetail/cms-task-monitoring-task-view?orgId=11&var-user=sobarman&var-task=200821_080949%3Asobarman_crab_ttbar_QCD_NLO_4f_mg265-v3&from=1597997389000&to=now
INFO 2020-08-21 08:12:08.735 UTC: 	 In case of issues with the dashboard, please provide feedback to hn-cms-computing-tools@cern.ch
DEBUG 2020-08-21 08:12:08.735 UTC: 	 The CRAB server submitted your task to the Grid scheduler (cluster ID: 52056506)
DEBUG 2020-08-21 08:12:08.735 UTC: 	 Webdir is located at http://vocms0198.cern.ch/mon/cms617/200821_080949:sobarman_crab_ttbar_QCD_NLO_4f_mg265-v3
DEBUG 2020-08-21 08:12:08.829 UTC: 	 Proxied webdir is located at https://cmsweb.cern.ch/scheddmon/0198/cms617/200821_080949:sobarman_crab_ttbar_QCD_NLO_4f_mg265-v3
DEBUG 2020-08-21 08:12:08.829 UTC: 	 Retrieving 'status_cache' file from https://cmsweb.cern.ch/scheddmon/0198/cms617/200821_080949:sobarman_crab_ttbar_QCD_NLO_4f_mg265-v3/status_cache
DEBUG 2020-08-21 08:12:08.870 UTC: 	 Got information from status cache file: {'1': {'Retries': 0, 'WallDurations': [0], 'StartTimes': [], 'SubmitTimes': [1597997448.0], 'JobIds': ['52056509.0'], 'EndTimes': [], 'Restarts': 0, 'RecordedSite': False, 'State': 'idle', 'ResidentSetSize': [0], 'TotalUserCpuTimeHistory': [0.0], 'SiteHistory': ['Unknown'], 'TotalSysCpuTimeHistory': [0.0]}, '2': {'Retries': 0, 'WallDurations': [0], 'StartTimes': [], 'SubmitTimes': [1597997448.0], 'JobIds': ['52056510.0'], 'EndTimes': [], 'Restarts': 0, 'RecordedSite': False, 'State': 'idle', 'ResidentSetSize': [0], 'TotalUserCpuTimeHistory': [0.0], 'SiteHistory': ['Unknown'], 'TotalSysCpuTimeHistory': [0.0]}}
INFO 2020-08-21 08:12:08.871 UTC: 	 Status on the scheduler:	SUBMITTED
INFO 2020-08-21 08:12:08.871 UTC: 	 
Jobs status:                    idle         		100.0% (2/2)
INFO 2020-08-21 08:12:08.871 UTC: 	 
No publication information (publication has been disabled in the CRAB configuration file)
INFO 2020-08-21 08:12:08.880 UTC: 	 Log file is /afs/cern.ch/work/s/sobarman/private/Fragments/CMSSW_11_0_2/src/Configuration/GenProduction/python/crab_files/crab_projects/crab_ttbar_QCD_NLO_4f_mg265-v3/crab.log
DEBUG 2020-08-21 08:26:00.118 UTC: 	 CRAB Client version: v3.200719
DEBUG 2020-08-21 08:26:00.119 UTC: 	 Running on: Linux lxplus730.cern.ch 3.10.0-1127.13.1.el7.x86_64 #1 SMP Tue Jun 23 15:46:38 UTC 2020 x86_64 x86_64 x86_64 GNU/Linux - CentOS Linux 7 (Core)
DEBUG 2020-08-21 08:26:00.131 UTC: 	 OpenSSl version: OpenSSL 1.0.2k-fips  26 Jan 2017 (Library: OpenSSL 1.0.2d-fips 9 Jul 2015)
DEBUG 2020-08-21 08:26:00.131 UTC: 	 Executing command: 'status'
DEBUG 2020-08-21 08:26:00.131 UTC: 	 Found CRAB cache file /afs/cern.ch/user/s/sobarman/.crab3
DEBUG 2020-08-21 08:26:00.251 UTC: 	 Checking credentials
DEBUG 2020-08-21 08:26:00.252 UTC: 	 Found proxy file /tmp/x509up_u124615
DEBUG 2020-08-21 08:26:00.252 UTC: 	 Getting proxy life time left
DEBUG 2020-08-21 08:26:00.756 UTC: 	 Executing : 
 command : voms-proxy-info -file /tmp/x509up_u124615 -timeleft
 output : 38790

 error: 
 retcode : 0
DEBUG 2020-08-21 08:26:01.362 UTC: 	 Executing : 
 command : voms-proxy-info -file /tmp/x509up_u124615 -actimeleft
 output : 38789

 error: 
 retcode : 0
DEBUG 2020-08-21 08:26:01.362 UTC: 	 Proxy lifetime 38790 secs is different from voms extension lifetime 38789 secs for proxy: /tmp/x509up_u124615
DEBUG 2020-08-21 08:26:01.362 UTC: 	 Proxy valid for 10:46:29 hours
DEBUG 2020-08-21 08:26:01.453 UTC: 	 Registering user credentials for server /DC=ch/DC=cern/OU=computers/CN=vocms0105.cern.ch|/DC=ch/DC=cern/OU=computers/CN=crab-(preprod|prod|dev)-tw(02|01).cern.ch|/DC=ch/DC=cern/OU=computers/CN=(ddi|ddidk|mytw).cern.ch|/DC=ch/DC=cern/OU=computers/CN=stefanov(m|m2).cern.ch
DEBUG 2020-08-21 08:26:01.564 UTC: 	 Executing : 
 command : openssl x509 -in ~/.globus/usercert.pem -subject -noout
 output : subject= /DC=ch/DC=cern/OU=Organic Units/OU=Users/CN=sobarman/CN=839376/CN=Soumyadip Barman

 error: 
 retcode : 0
DEBUG 2020-08-21 08:26:01.564 UTC: 	 Getting myproxy life time left for myproxy.cern.ch
DEBUG 2020-08-21 08:26:01.564 UTC: 	 Calculating hash of /DC=ch/DC=cern/OU=Organic Units/OU=Users/CN=sobarman/CN=839376/CN=Soumyadip Barman_cmsweb.cern.ch for credential name
DEBUG 2020-08-21 08:26:01.970 UTC: 	 Executing : 
 command : myproxy-info -l 53eba2ac31db42de697e6b6e421418d457bb442e -s myproxy.cern.ch
 output : username: 53eba2ac31db42de697e6b6e421418d457bb442e
owner: /DC=ch/DC=cern/OU=Organic Units/OU=Users/CN=sobarman/CN=839376/CN=Soumyadip Barman
  renewal policy: /DC=ch/DC=cern/OU=computers/CN=vocms0105.cern.ch|/DC=ch/DC=cern/OU=computers/CN=crab-(preprod|prod|dev)-tw(02|01).cern.ch|/DC=ch/DC=cern/OU=computers/CN=(ddi|ddidk|mytw).cern.ch|/DC=ch/DC=cern/OU=computers/CN=stefanov(m|m2).cern.ch
  trusted retrieval policy: /DC=ch/DC=cern/OU=computers/CN=vocms0105.cern.ch|/DC=ch/DC=cern/OU=computers/CN=crab-(preprod|prod|dev)-tw(02|01).cern.ch|/DC=ch/DC=cern/OU=computers/CN=(ddi|ddidk|mytw).cern.ch|/DC=ch/DC=cern/OU=computers/CN=stefanov(m|m2).cern.ch
  timeleft: 391:18:05  (16.3 days)

 error: 
 retcode : 0
DEBUG 2020-08-21 08:26:01.971 UTC: 	 Myproxy is valid: 1408685
DEBUG 2020-08-21 08:26:01.971 UTC: 	 Retrieving username ...
DEBUG 2020-08-21 08:26:01.971 UTC: 	 Retrieving username from CRIC...
DEBUG 2020-08-21 08:26:02.726 UTC: 	 username is sobarman
DEBUG 2020-08-21 08:26:02.733 UTC: 	 Getting myproxy life time left for myproxy.cern.ch
DEBUG 2020-08-21 08:26:02.733 UTC: 	 using sobarman_CRAB as credential login name
DEBUG 2020-08-21 08:26:03.038 UTC: 	 Executing : 
 command : myproxy-info -l sobarman_CRAB -s myproxy.cern.ch
 output : username: sobarman_CRAB
owner: /DC=ch/DC=cern/OU=Organic Units/OU=Users/CN=sobarman/CN=839376/CN=Soumyadip Barman
  renewal policy: /DC=ch/DC=cern/OU=computers/CN=vocms0105.cern.ch|/DC=ch/DC=cern/OU=computers/CN=crab-(preprod|prod|dev)-tw(02|01).cern.ch|/DC=ch/DC=cern/OU=computers/CN=(ddi|ddidk|mytw).cern.ch|/DC=ch/DC=cern/OU=computers/CN=stefanov(m|m2).cern.ch
  trusted retrieval policy: /DC=ch/DC=cern/OU=computers/CN=vocms0105.cern.ch|/DC=ch/DC=cern/OU=computers/CN=crab-(preprod|prod|dev)-tw(02|01).cern.ch|/DC=ch/DC=cern/OU=computers/CN=(ddi|ddidk|mytw).cern.ch|/DC=ch/DC=cern/OU=computers/CN=stefanov(m|m2).cern.ch
  timeleft: 391:18:16  (16.3 days)

 error: 
 retcode : 0
DEBUG 2020-08-21 08:26:03.038 UTC: 	 Myproxy is valid: 1408696
DEBUG 2020-08-21 08:26:03.039 UTC: 	 Command use: status
DEBUG 2020-08-21 08:26:03.039 UTC: 	 Options use: ['-d', 'crab_projects/crab_ttbar_QCD_NLO_4f_mg265-v3']
DEBUG 2020-08-21 08:26:03.117 UTC: 	 CRABClient version: v3.200719
DEBUG 2020-08-21 08:26:03.117 UTC: 	 Instance is prod
DEBUG 2020-08-21 08:26:03.117 UTC: 	 Server base url is cmsweb.cern.ch
DEBUG 2020-08-21 08:26:03.117 UTC: 	 Command url /crabserver/prod/workflow
DEBUG 2020-08-21 08:26:03.219 UTC: 	 Got information from server oracle database: {u'result': [u'200821_080949:sobarman_crab_ttbar_QCD_NLO_4f_mg265-v3', u'None', u'None', u'SUBMITTED', u'SUBMIT', u'2020-08-21 08:09:49.927117', u'None', u'2020-08-21 08:10:34.215255', u'None', u'CMSSW_11_0_2', u'slc7_amd64_gcc820', u'None', u'F', u'0', u'[]', u'[]', u'EventBased', u"{'splitOnRun': False, 'events_per_job': 1000, 'halt_job_on_file_boundaries': False, 'runs': [], 'lumis': []}", u'd17e81c0811b21494845fc7d95599aa74c5495bec1e1ceed19bde66660e7d470.tar.gz', u'https://cmsweb.cern.ch/crabcache', u'sobarman', u'/DC=ch/DC=cern/OU=Organic Units/OU=Users/CN=sobarman/CN=839376/CN=Soumyadip Barman', u'cms', u'None', u'None', u'Generator_Negative_weight-00000000000000000000000000000000', u'F', u'T2_IN_TIFR', u'https://cmsweb.cern.ch/dbs/prod/global/DBSReader', u'https://cmsweb.cern.ch/dbs/prod/phys03/DBSWriter', u'F', u'[]', u'[]', u"['ttbar_QCD_NLO_4f_mg265.root']", u'PrivateMC', u'pythia', u'None', u'{}', u'[]', u'T', u'crab-prod-tw01', u'[]', u'1250', u'1', u'2000', u'10', u'None', u'[]', u'http://vocms0198.cern.ch/mon/cms617/200821_080949:sobarman_crab_ttbar_QCD_NLO_4f_mg265-v3', u'None', u'[]', u'[]', u'https://cmsweb.cern.ch/crabserver/prod', u'cmsgwms-collector-global.cern.ch:9620,cmsgwms-collector-global.fnal.gov', u'crab3@vocms0198.cern.ch', u'F', u'[]', u'T', u'/store/user/sobarman/', u'F', u'None', u'F', u'None', u'ttbar_QCD_NLO_4f_mg265-v1', u'None', u'429cacde24fc2be45111b3aa67f714ded70d5ea6eac03188add8df738b404cf2.tar.gz', u'52056506', u'filetransfers', u'F', u'2001:1458:d00:3b::100:3e6', u'2000.0', u'None'], u'desc': {u'columns': [u'tm_taskname', u'tm_activity', u'panda_jobset_id', u'tm_task_status', u'tm_task_command', u'tm_start_time', u'tm_start_injection', u'tm_end_injection', u'tm_task_failure', u'tm_job_sw', u'tm_job_arch', u'tm_input_dataset', u'tm_nonvalid_input_dataset', u'tm_use_parent', u'tm_site_whitelist', u'tm_site_blacklist', u'tm_split_algo', u'tm_split_args', u'tm_user_sandbox', u'tm_cache_url', u'tm_username', u'tm_user_dn', u'tm_user_vo', u'tm_user_role', u'tm_user_group', u'tm_publish_name', u'tm_publish_groupname', u'tm_asyncdest', u'tm_dbs_url', u'tm_publish_dbs_url', u'tm_publication', u'tm_outfiles', u'tm_tfile_outfiles', u'tm_edm_outfiles', u'tm_job_type', u'tm_generator', u'tm_events_per_lumi', u'tm_arguments', u'panda_resubmitted_jobs', u'tm_save_logs', u'tw_name', u'tm_user_infiles', u'tm_maxjobruntime', u'tm_numcores', u'tm_maxmemory', u'tm_priority', u'tm_output_dataset', u'tm_task_warnings', u'tm_user_webdir', u'tm_scriptexe', u'tm_scriptargs', u'tm_extrajdl', u'tm_asourl', u'tm_collector', u'tm_schedd', u'tm_dry_run', u'tm_user_files', u'tm_transfer_outputs', u'tm_output_lfn', u'tm_ignore_locality', u'tm_fail_limit', u'tm_one_event_mode', u'tm_secondary_input_dataset', u'tm_primary_dataset', u'tm_last_publication', u'tm_debug_files', u'clusterid', u'tm_asodb', u'tm_ignore_global_blacklist', u'tm_submitter_ip_addr', u'tm_totalunits', u'tm_ddm_reqid']}}
INFO 2020-08-21 08:26:03.220 UTC: 	 CRAB project directory:		/afs/cern.ch/work/s/sobarman/private/Fragments/CMSSW_11_0_2/src/Configuration/GenProduction/python/crab_files/crab_projects/crab_ttbar_QCD_NLO_4f_mg265-v3
INFO 2020-08-21 08:26:03.220 UTC: 	 Task name:			200821_080949:sobarman_crab_ttbar_QCD_NLO_4f_mg265-v3
INFO 2020-08-21 08:26:03.220 UTC: 	 Grid scheduler - Task Worker:	crab3@vocms0198.cern.ch - crab-prod-tw01
INFO 2020-08-21 08:26:03.220 UTC: 	 Status on the CRAB server:	SUBMITTED
INFO 2020-08-21 08:26:03.220 UTC: 	 Task URL to use for HELP:	https://cmsweb.cern.ch/crabserver/ui/task/200821_080949%3Asobarman_crab_ttbar_QCD_NLO_4f_mg265-v3
INFO 2020-08-21 08:26:03.223 UTC: 	 Dashboard monitoring URL:	https://monit-grafana.cern.ch/d/cmsTMDetail/cms-task-monitoring-task-view?orgId=11&var-user=sobarman&var-task=200821_080949%3Asobarman_crab_ttbar_QCD_NLO_4f_mg265-v3&from=1597997389000&to=now
INFO 2020-08-21 08:26:03.223 UTC: 	 In case of issues with the dashboard, please provide feedback to hn-cms-computing-tools@cern.ch
DEBUG 2020-08-21 08:26:03.223 UTC: 	 The CRAB server submitted your task to the Grid scheduler (cluster ID: 52056506)
DEBUG 2020-08-21 08:26:03.223 UTC: 	 Webdir is located at http://vocms0198.cern.ch/mon/cms617/200821_080949:sobarman_crab_ttbar_QCD_NLO_4f_mg265-v3
DEBUG 2020-08-21 08:26:03.423 UTC: 	 Proxied webdir is located at https://cmsweb.cern.ch/scheddmon/0198/cms617/200821_080949:sobarman_crab_ttbar_QCD_NLO_4f_mg265-v3
DEBUG 2020-08-21 08:26:03.423 UTC: 	 Retrieving 'status_cache' file from https://cmsweb.cern.ch/scheddmon/0198/cms617/200821_080949:sobarman_crab_ttbar_QCD_NLO_4f_mg265-v3/status_cache
DEBUG 2020-08-21 08:26:03.465 UTC: 	 Got information from status cache file: {'1': {'Retries': 0, 'WallDurations': [9.0, 309.0], 'StartTimes': [1597997547.0], 'SubmitTimes': [1597997448.0], 'JobIds': ['52056509.0'], 'EndTimes': [], 'Restarts': 0, 'RecordedSite': True, 'State': 'running', 'ResidentSetSize': [72308], 'TotalUserCpuTimeHistory': [2.0], 'SiteHistory': ['Unknown', 'T2_KR_KISTI'], 'TotalSysCpuTimeHistory': [0.0]}, '2': {'Retries': 0, 'WallDurations': [9.0, 310.0], 'StartTimes': [1597997526.0], 'SubmitTimes': [1597997448.0], 'JobIds': ['52056510.0'], 'EndTimes': [], 'Restarts': 0, 'RecordedSite': True, 'State': 'running', 'ResidentSetSize': [320376], 'TotalUserCpuTimeHistory': [61.0], 'SiteHistory': ['Unknown', 'T2_DE_DESY'], 'TotalSysCpuTimeHistory': [12.0]}}
INFO 2020-08-21 08:26:03.465 UTC: 	 Status on the scheduler:	SUBMITTED
INFO 2020-08-21 08:26:03.465 UTC: 	 
Jobs status:                    running      		100.0% (2/2)
INFO 2020-08-21 08:26:03.465 UTC: 	 
No publication information (publication has been disabled in the CRAB configuration file)
INFO 2020-08-21 08:26:03.470 UTC: 	 Log file is /afs/cern.ch/work/s/sobarman/private/Fragments/CMSSW_11_0_2/src/Configuration/GenProduction/python/crab_files/crab_projects/crab_ttbar_QCD_NLO_4f_mg265-v3/crab.log
DEBUG 2020-08-21 11:23:30.458 UTC: 	 CRAB Client version: v3.200719
DEBUG 2020-08-21 11:23:30.458 UTC: 	 Running on: Linux lxplus730.cern.ch 3.10.0-1127.13.1.el7.x86_64 #1 SMP Tue Jun 23 15:46:38 UTC 2020 x86_64 x86_64 x86_64 GNU/Linux - CentOS Linux 7 (Core)
DEBUG 2020-08-21 11:23:30.474 UTC: 	 OpenSSl version: OpenSSL 1.0.2k-fips  26 Jan 2017 (Library: OpenSSL 1.0.2d-fips 9 Jul 2015)
DEBUG 2020-08-21 11:23:30.474 UTC: 	 Executing command: 'status'
DEBUG 2020-08-21 11:23:30.475 UTC: 	 Found CRAB cache file /afs/cern.ch/user/s/sobarman/.crab3
DEBUG 2020-08-21 11:23:30.505 UTC: 	 Checking credentials
DEBUG 2020-08-21 11:23:30.505 UTC: 	 Found proxy file /tmp/x509up_u124615
DEBUG 2020-08-21 11:23:30.505 UTC: 	 Getting proxy life time left
DEBUG 2020-08-21 11:23:31.111 UTC: 	 Executing : 
 command : voms-proxy-info -file /tmp/x509up_u124615 -timeleft
 output : 28139

 error: 
 retcode : 0
DEBUG 2020-08-21 11:23:31.617 UTC: 	 Executing : 
 command : voms-proxy-info -file /tmp/x509up_u124615 -actimeleft
 output : 28139

 error: 
 retcode : 0
DEBUG 2020-08-21 11:23:31.617 UTC: 	 Proxy valid for 07:48:59 hours
DEBUG 2020-08-21 11:23:31.750 UTC: 	 Registering user credentials for server /DC=ch/DC=cern/OU=computers/CN=vocms0105.cern.ch|/DC=ch/DC=cern/OU=computers/CN=crab-(preprod|prod|dev)-tw(02|01).cern.ch|/DC=ch/DC=cern/OU=computers/CN=(ddi|ddidk|mytw).cern.ch|/DC=ch/DC=cern/OU=computers/CN=stefanov(m|m2).cern.ch
DEBUG 2020-08-21 11:23:31.860 UTC: 	 Executing : 
 command : openssl x509 -in ~/.globus/usercert.pem -subject -noout
 output : subject= /DC=ch/DC=cern/OU=Organic Units/OU=Users/CN=sobarman/CN=839376/CN=Soumyadip Barman

 error: 
 retcode : 0
DEBUG 2020-08-21 11:23:31.861 UTC: 	 Getting myproxy life time left for myproxy.cern.ch
DEBUG 2020-08-21 11:23:31.861 UTC: 	 Calculating hash of /DC=ch/DC=cern/OU=Organic Units/OU=Users/CN=sobarman/CN=839376/CN=Soumyadip Barman_cmsweb.cern.ch for credential name
DEBUG 2020-08-21 11:23:32.265 UTC: 	 Executing : 
 command : myproxy-info -l 53eba2ac31db42de697e6b6e421418d457bb442e -s myproxy.cern.ch
 output : username: 53eba2ac31db42de697e6b6e421418d457bb442e
owner: /DC=ch/DC=cern/OU=Organic Units/OU=Users/CN=sobarman/CN=839376/CN=Soumyadip Barman
  renewal policy: /DC=ch/DC=cern/OU=computers/CN=vocms0105.cern.ch|/DC=ch/DC=cern/OU=computers/CN=crab-(preprod|prod|dev)-tw(02|01).cern.ch|/DC=ch/DC=cern/OU=computers/CN=(ddi|ddidk|mytw).cern.ch|/DC=ch/DC=cern/OU=computers/CN=stefanov(m|m2).cern.ch
  trusted retrieval policy: /DC=ch/DC=cern/OU=computers/CN=vocms0105.cern.ch|/DC=ch/DC=cern/OU=computers/CN=crab-(preprod|prod|dev)-tw(02|01).cern.ch|/DC=ch/DC=cern/OU=computers/CN=(ddi|ddidk|mytw).cern.ch|/DC=ch/DC=cern/OU=computers/CN=stefanov(m|m2).cern.ch
  timeleft: 388:20:34  (16.2 days)

 error: 
 retcode : 0
DEBUG 2020-08-21 11:23:32.266 UTC: 	 Myproxy is valid: 1398034
DEBUG 2020-08-21 11:23:32.266 UTC: 	 Retrieving username ...
DEBUG 2020-08-21 11:23:32.266 UTC: 	 Retrieving username from CRIC...
DEBUG 2020-08-21 11:23:32.941 UTC: 	 username is sobarman
DEBUG 2020-08-21 11:23:32.946 UTC: 	 Getting myproxy life time left for myproxy.cern.ch
DEBUG 2020-08-21 11:23:32.947 UTC: 	 using sobarman_CRAB as credential login name
DEBUG 2020-08-21 11:23:33.250 UTC: 	 Executing : 
 command : myproxy-info -l sobarman_CRAB -s myproxy.cern.ch
 output : username: sobarman_CRAB
owner: /DC=ch/DC=cern/OU=Organic Units/OU=Users/CN=sobarman/CN=839376/CN=Soumyadip Barman
  renewal policy: /DC=ch/DC=cern/OU=computers/CN=vocms0105.cern.ch|/DC=ch/DC=cern/OU=computers/CN=crab-(preprod|prod|dev)-tw(02|01).cern.ch|/DC=ch/DC=cern/OU=computers/CN=(ddi|ddidk|mytw).cern.ch|/DC=ch/DC=cern/OU=computers/CN=stefanov(m|m2).cern.ch
  trusted retrieval policy: /DC=ch/DC=cern/OU=computers/CN=vocms0105.cern.ch|/DC=ch/DC=cern/OU=computers/CN=crab-(preprod|prod|dev)-tw(02|01).cern.ch|/DC=ch/DC=cern/OU=computers/CN=(ddi|ddidk|mytw).cern.ch|/DC=ch/DC=cern/OU=computers/CN=stefanov(m|m2).cern.ch
  timeleft: 388:20:46  (16.2 days)

 error: 
 retcode : 0
DEBUG 2020-08-21 11:23:33.251 UTC: 	 Myproxy is valid: 1398046
DEBUG 2020-08-21 11:23:33.251 UTC: 	 Command use: status
DEBUG 2020-08-21 11:23:33.251 UTC: 	 Options use: ['-d', 'crab_projects/crab_ttbar_QCD_NLO_4f_mg265-v3']
DEBUG 2020-08-21 11:23:33.348 UTC: 	 CRABClient version: v3.200719
DEBUG 2020-08-21 11:23:33.348 UTC: 	 Instance is prod
DEBUG 2020-08-21 11:23:33.348 UTC: 	 Server base url is cmsweb.cern.ch
DEBUG 2020-08-21 11:23:33.348 UTC: 	 Command url /crabserver/prod/workflow
DEBUG 2020-08-21 11:23:33.428 UTC: 	 Got information from server oracle database: {u'result': [u'200821_080949:sobarman_crab_ttbar_QCD_NLO_4f_mg265-v3', u'None', u'None', u'SUBMITTED', u'SUBMIT', u'2020-08-21 08:09:49.927117', u'None', u'2020-08-21 08:10:34.215255', u'None', u'CMSSW_11_0_2', u'slc7_amd64_gcc820', u'None', u'F', u'0', u'[]', u'[]', u'EventBased', u"{'splitOnRun': False, 'events_per_job': 1000, 'halt_job_on_file_boundaries': False, 'runs': [], 'lumis': []}", u'd17e81c0811b21494845fc7d95599aa74c5495bec1e1ceed19bde66660e7d470.tar.gz', u'https://cmsweb.cern.ch/crabcache', u'sobarman', u'/DC=ch/DC=cern/OU=Organic Units/OU=Users/CN=sobarman/CN=839376/CN=Soumyadip Barman', u'cms', u'None', u'None', u'Generator_Negative_weight-00000000000000000000000000000000', u'F', u'T2_IN_TIFR', u'https://cmsweb.cern.ch/dbs/prod/global/DBSReader', u'https://cmsweb.cern.ch/dbs/prod/phys03/DBSWriter', u'F', u'[]', u'[]', u"['ttbar_QCD_NLO_4f_mg265.root']", u'PrivateMC', u'pythia', u'None', u'{}', u'[]', u'T', u'crab-prod-tw01', u'[]', u'1250', u'1', u'2000', u'10', u'None', u'[]', u'http://vocms0198.cern.ch/mon/cms617/200821_080949:sobarman_crab_ttbar_QCD_NLO_4f_mg265-v3', u'None', u'[]', u'[]', u'https://cmsweb.cern.ch/crabserver/prod', u'cmsgwms-collector-global.cern.ch:9620,cmsgwms-collector-global.fnal.gov', u'crab3@vocms0198.cern.ch', u'F', u'[]', u'T', u'/store/user/sobarman/', u'F', u'None', u'F', u'None', u'ttbar_QCD_NLO_4f_mg265-v1', u'None', u'429cacde24fc2be45111b3aa67f714ded70d5ea6eac03188add8df738b404cf2.tar.gz', u'52056506', u'filetransfers', u'F', u'2001:1458:d00:3b::100:3e6', u'2000.0', u'None'], u'desc': {u'columns': [u'tm_taskname', u'tm_activity', u'panda_jobset_id', u'tm_task_status', u'tm_task_command', u'tm_start_time', u'tm_start_injection', u'tm_end_injection', u'tm_task_failure', u'tm_job_sw', u'tm_job_arch', u'tm_input_dataset', u'tm_nonvalid_input_dataset', u'tm_use_parent', u'tm_site_whitelist', u'tm_site_blacklist', u'tm_split_algo', u'tm_split_args', u'tm_user_sandbox', u'tm_cache_url', u'tm_username', u'tm_user_dn', u'tm_user_vo', u'tm_user_role', u'tm_user_group', u'tm_publish_name', u'tm_publish_groupname', u'tm_asyncdest', u'tm_dbs_url', u'tm_publish_dbs_url', u'tm_publication', u'tm_outfiles', u'tm_tfile_outfiles', u'tm_edm_outfiles', u'tm_job_type', u'tm_generator', u'tm_events_per_lumi', u'tm_arguments', u'panda_resubmitted_jobs', u'tm_save_logs', u'tw_name', u'tm_user_infiles', u'tm_maxjobruntime', u'tm_numcores', u'tm_maxmemory', u'tm_priority', u'tm_output_dataset', u'tm_task_warnings', u'tm_user_webdir', u'tm_scriptexe', u'tm_scriptargs', u'tm_extrajdl', u'tm_asourl', u'tm_collector', u'tm_schedd', u'tm_dry_run', u'tm_user_files', u'tm_transfer_outputs', u'tm_output_lfn', u'tm_ignore_locality', u'tm_fail_limit', u'tm_one_event_mode', u'tm_secondary_input_dataset', u'tm_primary_dataset', u'tm_last_publication', u'tm_debug_files', u'clusterid', u'tm_asodb', u'tm_ignore_global_blacklist', u'tm_submitter_ip_addr', u'tm_totalunits', u'tm_ddm_reqid']}}
INFO 2020-08-21 11:23:33.428 UTC: 	 CRAB project directory:		/afs/cern.ch/work/s/sobarman/private/Fragments/CMSSW_11_0_2/src/Configuration/GenProduction/python/crab_files/crab_projects/crab_ttbar_QCD_NLO_4f_mg265-v3
INFO 2020-08-21 11:23:33.428 UTC: 	 Task name:			200821_080949:sobarman_crab_ttbar_QCD_NLO_4f_mg265-v3
INFO 2020-08-21 11:23:33.428 UTC: 	 Grid scheduler - Task Worker:	crab3@vocms0198.cern.ch - crab-prod-tw01
INFO 2020-08-21 11:23:33.428 UTC: 	 Status on the CRAB server:	SUBMITTED
INFO 2020-08-21 11:23:33.428 UTC: 	 Task URL to use for HELP:	https://cmsweb.cern.ch/crabserver/ui/task/200821_080949%3Asobarman_crab_ttbar_QCD_NLO_4f_mg265-v3
INFO 2020-08-21 11:23:33.434 UTC: 	 Dashboard monitoring URL:	https://monit-grafana.cern.ch/d/cmsTMDetail/cms-task-monitoring-task-view?orgId=11&var-user=sobarman&var-task=200821_080949%3Asobarman_crab_ttbar_QCD_NLO_4f_mg265-v3&from=1597997389000&to=now
INFO 2020-08-21 11:23:33.435 UTC: 	 In case of issues with the dashboard, please provide feedback to hn-cms-computing-tools@cern.ch
DEBUG 2020-08-21 11:23:33.435 UTC: 	 The CRAB server submitted your task to the Grid scheduler (cluster ID: 52056506)
DEBUG 2020-08-21 11:23:33.435 UTC: 	 Webdir is located at http://vocms0198.cern.ch/mon/cms617/200821_080949:sobarman_crab_ttbar_QCD_NLO_4f_mg265-v3
DEBUG 2020-08-21 11:23:33.506 UTC: 	 Proxied webdir is located at https://cmsweb.cern.ch/scheddmon/0198/cms617/200821_080949:sobarman_crab_ttbar_QCD_NLO_4f_mg265-v3
DEBUG 2020-08-21 11:23:33.506 UTC: 	 Retrieving 'status_cache' file from https://cmsweb.cern.ch/scheddmon/0198/cms617/200821_080949:sobarman_crab_ttbar_QCD_NLO_4f_mg265-v3/status_cache
DEBUG 2020-08-21 11:23:33.557 UTC: 	 Got information from status cache file: {'1': {'Retries': 0, 'WallDurations': [9.0, 5542.0], 'StartTimes': [1597997547.0], 'SubmitTimes': [1597997448.0], 'JobIds': ['52056509.0'], 'EndTimes': [1598003089.0], 'Restarts': 0, 'RecordedSite': True, 'State': 'finished', 'ResidentSetSize': [743268], 'TotalUserCpuTimeHistory': [4147], 'SiteHistory': ['Unknown', 'T2_KR_KISTI'], 'TotalSysCpuTimeHistory': [15]}, '2': {'Retries': 0, 'WallDurations': [9.0, 911.0], 'StartTimes': [1597997526.0], 'SubmitTimes': [1597997448.0], 'JobIds': ['52056510.0'], 'EndTimes': [], 'Restarts': 0, 'RecordedSite': True, 'State': 'running', 'ResidentSetSize': [753580], 'TotalUserCpuTimeHistory': [552.0], 'SiteHistory': ['Unknown', 'T2_DE_DESY'], 'TotalSysCpuTimeHistory': [36.0]}}
INFO 2020-08-21 11:23:33.557 UTC: 	 Status on the scheduler:	SUBMITTED
INFO 2020-08-21 11:23:33.558 UTC: 	 
Jobs status:                    finished     		 50.0% (1/2)
INFO 2020-08-21 11:23:33.558 UTC: 	 				running      		 50.0% (1/2)
INFO 2020-08-21 11:23:33.558 UTC: 	 
No publication information (publication has been disabled in the CRAB configuration file)
INFO 2020-08-21 11:23:33.558 UTC: 	 
Warning: the max jobs runtime is less than 30% of the task requested value (1250 min), please consider to request a lower value for failed jobs (allowed through crab resubmit) and/or improve the jobs splitting (e.g. config.Data.splitting = 'Automatic') in a new task.
INFO 2020-08-21 11:23:33.558 UTC: 	 
Summary of run jobs:
 * Memory: 725MB min, 725MB max, 726MB ave
 * Runtime: 0:15:11 min, 1:32:22 max, 1:32:22 ave
 * CPU eff: 75% min, 75% max, 75% ave
 * Waste: 0:00:09 (0% of total)

INFO 2020-08-21 11:23:33.581 UTC: 	 Log file is /afs/cern.ch/work/s/sobarman/private/Fragments/CMSSW_11_0_2/src/Configuration/GenProduction/python/crab_files/crab_projects/crab_ttbar_QCD_NLO_4f_mg265-v3/crab.log
DEBUG 2020-08-21 12:25:20.185 UTC: 	 CRAB Client version: v3.200719
DEBUG 2020-08-21 12:25:20.186 UTC: 	 Running on: Linux lxplus730.cern.ch 3.10.0-1127.13.1.el7.x86_64 #1 SMP Tue Jun 23 15:46:38 UTC 2020 x86_64 x86_64 x86_64 GNU/Linux - CentOS Linux 7 (Core)
DEBUG 2020-08-21 12:25:20.201 UTC: 	 OpenSSl version: OpenSSL 1.0.2k-fips  26 Jan 2017 (Library: OpenSSL 1.0.2d-fips 9 Jul 2015)
DEBUG 2020-08-21 12:25:20.201 UTC: 	 Executing command: 'status'
DEBUG 2020-08-21 12:25:20.202 UTC: 	 Found CRAB cache file /afs/cern.ch/user/s/sobarman/.crab3
DEBUG 2020-08-21 12:25:20.221 UTC: 	 Checking credentials
DEBUG 2020-08-21 12:25:20.222 UTC: 	 Found proxy file /tmp/x509up_u124615
DEBUG 2020-08-21 12:25:20.222 UTC: 	 Getting proxy life time left
DEBUG 2020-08-21 12:25:21.028 UTC: 	 Executing : 
 command : voms-proxy-info -file /tmp/x509up_u124615 -timeleft
 output : 24430

 error: 
 retcode : 0
DEBUG 2020-08-21 12:25:21.637 UTC: 	 Executing : 
 command : voms-proxy-info -file /tmp/x509up_u124615 -actimeleft
 output : 24429

 error: 
 retcode : 0
DEBUG 2020-08-21 12:25:21.637 UTC: 	 Proxy lifetime 24430 secs is different from voms extension lifetime 24429 secs for proxy: /tmp/x509up_u124615
DEBUG 2020-08-21 12:25:21.637 UTC: 	 Proxy valid for 06:47:09 hours
DEBUG 2020-08-21 12:25:21.718 UTC: 	 Registering user credentials for server /DC=ch/DC=cern/OU=computers/CN=vocms0105.cern.ch|/DC=ch/DC=cern/OU=computers/CN=crab-(preprod|prod|dev)-tw(02|01).cern.ch|/DC=ch/DC=cern/OU=computers/CN=(ddi|ddidk|mytw).cern.ch|/DC=ch/DC=cern/OU=computers/CN=stefanov(m|m2).cern.ch
DEBUG 2020-08-21 12:25:21.828 UTC: 	 Executing : 
 command : openssl x509 -in ~/.globus/usercert.pem -subject -noout
 output : subject= /DC=ch/DC=cern/OU=Organic Units/OU=Users/CN=sobarman/CN=839376/CN=Soumyadip Barman

 error: 
 retcode : 0
DEBUG 2020-08-21 12:25:21.829 UTC: 	 Getting myproxy life time left for myproxy.cern.ch
DEBUG 2020-08-21 12:25:21.829 UTC: 	 Calculating hash of /DC=ch/DC=cern/OU=Organic Units/OU=Users/CN=sobarman/CN=839376/CN=Soumyadip Barman_cmsweb.cern.ch for credential name
DEBUG 2020-08-21 12:25:22.242 UTC: 	 Executing : 
 command : myproxy-info -l 53eba2ac31db42de697e6b6e421418d457bb442e -s myproxy.cern.ch
 output : username: 53eba2ac31db42de697e6b6e421418d457bb442e
owner: /DC=ch/DC=cern/OU=Organic Units/OU=Users/CN=sobarman/CN=839376/CN=Soumyadip Barman
  renewal policy: /DC=ch/DC=cern/OU=computers/CN=vocms0105.cern.ch|/DC=ch/DC=cern/OU=computers/CN=crab-(preprod|prod|dev)-tw(02|01).cern.ch|/DC=ch/DC=cern/OU=computers/CN=(ddi|ddidk|mytw).cern.ch|/DC=ch/DC=cern/OU=computers/CN=stefanov(m|m2).cern.ch
  trusted retrieval policy: /DC=ch/DC=cern/OU=computers/CN=vocms0105.cern.ch|/DC=ch/DC=cern/OU=computers/CN=crab-(preprod|prod|dev)-tw(02|01).cern.ch|/DC=ch/DC=cern/OU=computers/CN=(ddi|ddidk|mytw).cern.ch|/DC=ch/DC=cern/OU=computers/CN=stefanov(m|m2).cern.ch
  timeleft: 387:18:44  (16.1 days)

 error: 
 retcode : 0
DEBUG 2020-08-21 12:25:22.243 UTC: 	 Myproxy is valid: 1394324
DEBUG 2020-08-21 12:25:22.243 UTC: 	 Retrieving username ...
DEBUG 2020-08-21 12:25:22.243 UTC: 	 Retrieving username from CRIC...
DEBUG 2020-08-21 12:25:23.116 UTC: 	 username is sobarman
DEBUG 2020-08-21 12:25:23.122 UTC: 	 Getting myproxy life time left for myproxy.cern.ch
DEBUG 2020-08-21 12:25:23.122 UTC: 	 using sobarman_CRAB as credential login name
DEBUG 2020-08-21 12:25:23.425 UTC: 	 Executing : 
 command : myproxy-info -l sobarman_CRAB -s myproxy.cern.ch
 output : username: sobarman_CRAB
owner: /DC=ch/DC=cern/OU=Organic Units/OU=Users/CN=sobarman/CN=839376/CN=Soumyadip Barman
  renewal policy: /DC=ch/DC=cern/OU=computers/CN=vocms0105.cern.ch|/DC=ch/DC=cern/OU=computers/CN=crab-(preprod|prod|dev)-tw(02|01).cern.ch|/DC=ch/DC=cern/OU=computers/CN=(ddi|ddidk|mytw).cern.ch|/DC=ch/DC=cern/OU=computers/CN=stefanov(m|m2).cern.ch
  trusted retrieval policy: /DC=ch/DC=cern/OU=computers/CN=vocms0105.cern.ch|/DC=ch/DC=cern/OU=computers/CN=crab-(preprod|prod|dev)-tw(02|01).cern.ch|/DC=ch/DC=cern/OU=computers/CN=(ddi|ddidk|mytw).cern.ch|/DC=ch/DC=cern/OU=computers/CN=stefanov(m|m2).cern.ch
  timeleft: 387:18:56  (16.1 days)

 error: 
 retcode : 0
DEBUG 2020-08-21 12:25:23.426 UTC: 	 Myproxy is valid: 1394336
DEBUG 2020-08-21 12:25:23.426 UTC: 	 Command use: status
DEBUG 2020-08-21 12:25:23.426 UTC: 	 Options use: ['-d', 'crab_projects/crab_ttbar_QCD_NLO_4f_mg265-v3']
DEBUG 2020-08-21 12:25:23.499 UTC: 	 CRABClient version: v3.200719
DEBUG 2020-08-21 12:25:23.499 UTC: 	 Instance is prod
DEBUG 2020-08-21 12:25:23.499 UTC: 	 Server base url is cmsweb.cern.ch
DEBUG 2020-08-21 12:25:23.499 UTC: 	 Command url /crabserver/prod/workflow
DEBUG 2020-08-21 12:25:23.567 UTC: 	 Got information from server oracle database: {u'result': [u'200821_080949:sobarman_crab_ttbar_QCD_NLO_4f_mg265-v3', u'None', u'None', u'SUBMITTED', u'SUBMIT', u'2020-08-21 08:09:49.927117', u'None', u'2020-08-21 08:10:34.215255', u'None', u'CMSSW_11_0_2', u'slc7_amd64_gcc820', u'None', u'F', u'0', u'[]', u'[]', u'EventBased', u"{'splitOnRun': False, 'events_per_job': 1000, 'halt_job_on_file_boundaries': False, 'runs': [], 'lumis': []}", u'd17e81c0811b21494845fc7d95599aa74c5495bec1e1ceed19bde66660e7d470.tar.gz', u'https://cmsweb.cern.ch/crabcache', u'sobarman', u'/DC=ch/DC=cern/OU=Organic Units/OU=Users/CN=sobarman/CN=839376/CN=Soumyadip Barman', u'cms', u'None', u'None', u'Generator_Negative_weight-00000000000000000000000000000000', u'F', u'T2_IN_TIFR', u'https://cmsweb.cern.ch/dbs/prod/global/DBSReader', u'https://cmsweb.cern.ch/dbs/prod/phys03/DBSWriter', u'F', u'[]', u'[]', u"['ttbar_QCD_NLO_4f_mg265.root']", u'PrivateMC', u'pythia', u'None', u'{}', u'[]', u'T', u'crab-prod-tw01', u'[]', u'1250', u'1', u'2000', u'10', u'None', u'[]', u'http://vocms0198.cern.ch/mon/cms617/200821_080949:sobarman_crab_ttbar_QCD_NLO_4f_mg265-v3', u'None', u'[]', u'[]', u'https://cmsweb.cern.ch/crabserver/prod', u'cmsgwms-collector-global.cern.ch:9620,cmsgwms-collector-global.fnal.gov', u'crab3@vocms0198.cern.ch', u'F', u'[]', u'T', u'/store/user/sobarman/', u'F', u'None', u'F', u'None', u'ttbar_QCD_NLO_4f_mg265-v1', u'None', u'429cacde24fc2be45111b3aa67f714ded70d5ea6eac03188add8df738b404cf2.tar.gz', u'52056506', u'filetransfers', u'F', u'2001:1458:d00:3b::100:3e6', u'2000.0', u'None'], u'desc': {u'columns': [u'tm_taskname', u'tm_activity', u'panda_jobset_id', u'tm_task_status', u'tm_task_command', u'tm_start_time', u'tm_start_injection', u'tm_end_injection', u'tm_task_failure', u'tm_job_sw', u'tm_job_arch', u'tm_input_dataset', u'tm_nonvalid_input_dataset', u'tm_use_parent', u'tm_site_whitelist', u'tm_site_blacklist', u'tm_split_algo', u'tm_split_args', u'tm_user_sandbox', u'tm_cache_url', u'tm_username', u'tm_user_dn', u'tm_user_vo', u'tm_user_role', u'tm_user_group', u'tm_publish_name', u'tm_publish_groupname', u'tm_asyncdest', u'tm_dbs_url', u'tm_publish_dbs_url', u'tm_publication', u'tm_outfiles', u'tm_tfile_outfiles', u'tm_edm_outfiles', u'tm_job_type', u'tm_generator', u'tm_events_per_lumi', u'tm_arguments', u'panda_resubmitted_jobs', u'tm_save_logs', u'tw_name', u'tm_user_infiles', u'tm_maxjobruntime', u'tm_numcores', u'tm_maxmemory', u'tm_priority', u'tm_output_dataset', u'tm_task_warnings', u'tm_user_webdir', u'tm_scriptexe', u'tm_scriptargs', u'tm_extrajdl', u'tm_asourl', u'tm_collector', u'tm_schedd', u'tm_dry_run', u'tm_user_files', u'tm_transfer_outputs', u'tm_output_lfn', u'tm_ignore_locality', u'tm_fail_limit', u'tm_one_event_mode', u'tm_secondary_input_dataset', u'tm_primary_dataset', u'tm_last_publication', u'tm_debug_files', u'clusterid', u'tm_asodb', u'tm_ignore_global_blacklist', u'tm_submitter_ip_addr', u'tm_totalunits', u'tm_ddm_reqid']}}
INFO 2020-08-21 12:25:23.568 UTC: 	 CRAB project directory:		/afs/cern.ch/work/s/sobarman/private/Fragments/CMSSW_11_0_2/src/Configuration/GenProduction/python/crab_files/crab_projects/crab_ttbar_QCD_NLO_4f_mg265-v3
INFO 2020-08-21 12:25:23.568 UTC: 	 Task name:			200821_080949:sobarman_crab_ttbar_QCD_NLO_4f_mg265-v3
INFO 2020-08-21 12:25:23.568 UTC: 	 Grid scheduler - Task Worker:	crab3@vocms0198.cern.ch - crab-prod-tw01
INFO 2020-08-21 12:25:23.568 UTC: 	 Status on the CRAB server:	SUBMITTED
INFO 2020-08-21 12:25:23.568 UTC: 	 Task URL to use for HELP:	https://cmsweb.cern.ch/crabserver/ui/task/200821_080949%3Asobarman_crab_ttbar_QCD_NLO_4f_mg265-v3
INFO 2020-08-21 12:25:23.574 UTC: 	 Dashboard monitoring URL:	https://monit-grafana.cern.ch/d/cmsTMDetail/cms-task-monitoring-task-view?orgId=11&var-user=sobarman&var-task=200821_080949%3Asobarman_crab_ttbar_QCD_NLO_4f_mg265-v3&from=1597997389000&to=now
INFO 2020-08-21 12:25:23.574 UTC: 	 In case of issues with the dashboard, please provide feedback to hn-cms-computing-tools@cern.ch
DEBUG 2020-08-21 12:25:23.574 UTC: 	 The CRAB server submitted your task to the Grid scheduler (cluster ID: 52056506)
DEBUG 2020-08-21 12:25:23.574 UTC: 	 Webdir is located at http://vocms0198.cern.ch/mon/cms617/200821_080949:sobarman_crab_ttbar_QCD_NLO_4f_mg265-v3
DEBUG 2020-08-21 12:25:23.639 UTC: 	 Proxied webdir is located at https://cmsweb.cern.ch/scheddmon/0198/cms617/200821_080949:sobarman_crab_ttbar_QCD_NLO_4f_mg265-v3
DEBUG 2020-08-21 12:25:23.640 UTC: 	 Retrieving 'status_cache' file from https://cmsweb.cern.ch/scheddmon/0198/cms617/200821_080949:sobarman_crab_ttbar_QCD_NLO_4f_mg265-v3/status_cache
DEBUG 2020-08-21 12:25:23.720 UTC: 	 Got information from status cache file: {'1': {'Retries': 0, 'WallDurations': [9.0, 5542.0], 'StartTimes': [1597997547.0], 'SubmitTimes': [1597997448.0], 'JobIds': ['52056509.0'], 'EndTimes': [1598003089.0], 'Restarts': 0, 'RecordedSite': True, 'State': 'finished', 'ResidentSetSize': [743268], 'TotalUserCpuTimeHistory': [4147], 'SiteHistory': ['Unknown', 'T2_KR_KISTI'], 'TotalSysCpuTimeHistory': [15]}, '2': {'Retries': 0, 'WallDurations': [9.0, 12299.0], 'StartTimes': [1597997526.0], 'SubmitTimes': [1597997448.0], 'JobIds': ['52056510.0'], 'EndTimes': [1598009825.0], 'Restarts': 0, 'RecordedSite': True, 'State': 'finished', 'ResidentSetSize': [753580], 'TotalUserCpuTimeHistory': [11062], 'SiteHistory': ['Unknown', 'T2_DE_DESY'], 'TotalSysCpuTimeHistory': [190]}}
INFO 2020-08-21 12:25:23.720 UTC: 	 Status on the scheduler:	COMPLETED
INFO 2020-08-21 12:25:23.720 UTC: 	 
Jobs status:                    finished     		100.0% (2/2)
INFO 2020-08-21 12:25:23.720 UTC: 	 
No publication information (publication has been disabled in the CRAB configuration file)
INFO 2020-08-21 12:25:23.720 UTC: 	 
Warning: the max jobs runtime is less than 30% of the task requested value (1250 min), please consider to request a lower value for failed jobs (allowed through crab resubmit) and/or improve the jobs splitting (e.g. config.Data.splitting = 'Automatic') in a new task.
INFO 2020-08-21 12:25:23.720 UTC: 	 
Summary of run jobs:
 * Memory: 725MB min, 735MB max, 731MB ave
 * Runtime: 1:32:22 min, 3:24:59 max, 2:28:40 ave
 * CPU eff: 75% min, 91% max, 86% ave
 * Waste: 0:00:18 (0% of total)

INFO 2020-08-21 12:25:23.727 UTC: 	 Log file is /afs/cern.ch/work/s/sobarman/private/Fragments/CMSSW_11_0_2/src/Configuration/GenProduction/python/crab_files/crab_projects/crab_ttbar_QCD_NLO_4f_mg265-v3/crab.log
