DEBUG 2020-08-21 08:10:50.931 UTC: 	 CRAB Client version: v3.200719
DEBUG 2020-08-21 08:10:50.931 UTC: 	 Running on: Linux lxplus730.cern.ch 3.10.0-1127.13.1.el7.x86_64 #1 SMP Tue Jun 23 15:46:38 UTC 2020 x86_64 x86_64 x86_64 GNU/Linux - CentOS Linux 7 (Core)
DEBUG 2020-08-21 08:10:50.945 UTC: 	 OpenSSl version: OpenSSL 1.0.2k-fips  26 Jan 2017 (Library: OpenSSL 1.0.2d-fips 9 Jul 2015)
DEBUG 2020-08-21 08:10:50.946 UTC: 	 Executing command: 'submit'
DEBUG 2020-08-21 08:10:50.946 UTC: 	 Found CRAB cache file /afs/cern.ch/user/s/sobarman/.crab3
INFO 2020-08-21 08:10:50.947 UTC: 	 Will use CRAB configuration file crabConfig_MC_generation_ttbar_QCD_NLO_4f_mg273.py
DEBUG 2020-08-21 08:10:50.947 UTC: 	 Loading CRAB configuration file.
DEBUG 2020-08-21 08:10:50.953 UTC: 	 Will use CRAB PrivateMC plugin (i.e. will run a MC generation job type).
DEBUG 2020-08-21 08:10:51.005 UTC: 	 Checking credentials
DEBUG 2020-08-21 08:10:51.005 UTC: 	 Found proxy file /tmp/x509up_u124615
DEBUG 2020-08-21 08:10:51.005 UTC: 	 Getting proxy life time left
DEBUG 2020-08-21 08:10:51.611 UTC: 	 Executing : 
 command : voms-proxy-info -file /tmp/x509up_u124615 -timeleft
 output : 39699

 error: 
 retcode : 0
DEBUG 2020-08-21 08:10:52.216 UTC: 	 Executing : 
 command : voms-proxy-info -file /tmp/x509up_u124615 -actimeleft
 output : 39698

 error: 
 retcode : 0
DEBUG 2020-08-21 08:10:52.217 UTC: 	 Proxy lifetime 39699 secs is different from voms extension lifetime 39698 secs for proxy: /tmp/x509up_u124615
DEBUG 2020-08-21 08:10:52.217 UTC: 	 Proxy valid for 11:01:38 hours
DEBUG 2020-08-21 08:10:52.822 UTC: 	 Executing : 
 command : env X509_USER_PROXY=/tmp/x509up_u124615 voms-proxy-info -fqan
 output : /cms/Role=NULL/Capability=NULL

 error: 
 retcode : 0
DEBUG 2020-08-21 08:10:52.892 UTC: 	 Registering user credentials for server /DC=ch/DC=cern/OU=computers/CN=vocms0105.cern.ch|/DC=ch/DC=cern/OU=computers/CN=crab-(preprod|prod|dev)-tw(02|01).cern.ch|/DC=ch/DC=cern/OU=computers/CN=(ddi|ddidk|mytw).cern.ch|/DC=ch/DC=cern/OU=computers/CN=stefanov(m|m2).cern.ch
DEBUG 2020-08-21 08:10:53.002 UTC: 	 Executing : 
 command : openssl x509 -in ~/.globus/usercert.pem -subject -noout
 output : subject= /DC=ch/DC=cern/OU=Organic Units/OU=Users/CN=sobarman/CN=839376/CN=Soumyadip Barman

 error: 
 retcode : 0
DEBUG 2020-08-21 08:10:53.003 UTC: 	 Getting myproxy life time left for myproxy.cern.ch
DEBUG 2020-08-21 08:10:53.003 UTC: 	 Calculating hash of /DC=ch/DC=cern/OU=Organic Units/OU=Users/CN=sobarman/CN=839376/CN=Soumyadip Barman_cmsweb.cern.ch for credential name
DEBUG 2020-08-21 08:10:53.408 UTC: 	 Executing : 
 command : myproxy-info -l 53eba2ac31db42de697e6b6e421418d457bb442e -s myproxy.cern.ch
 output : username: 53eba2ac31db42de697e6b6e421418d457bb442e
owner: /DC=ch/DC=cern/OU=Organic Units/OU=Users/CN=sobarman/CN=839376/CN=Soumyadip Barman
  renewal policy: /DC=ch/DC=cern/OU=computers/CN=vocms0105.cern.ch|/DC=ch/DC=cern/OU=computers/CN=crab-(preprod|prod|dev)-tw(02|01).cern.ch|/DC=ch/DC=cern/OU=computers/CN=(ddi|ddidk|mytw).cern.ch|/DC=ch/DC=cern/OU=computers/CN=stefanov(m|m2).cern.ch
  trusted retrieval policy: /DC=ch/DC=cern/OU=computers/CN=vocms0105.cern.ch|/DC=ch/DC=cern/OU=computers/CN=crab-(preprod|prod|dev)-tw(02|01).cern.ch|/DC=ch/DC=cern/OU=computers/CN=(ddi|ddidk|mytw).cern.ch|/DC=ch/DC=cern/OU=computers/CN=stefanov(m|m2).cern.ch
  timeleft: 391:33:13  (16.3 days)

 error: 
 retcode : 0
DEBUG 2020-08-21 08:10:53.409 UTC: 	 Myproxy is valid: 1409593
DEBUG 2020-08-21 08:10:53.409 UTC: 	 Retrieving username ...
DEBUG 2020-08-21 08:10:53.409 UTC: 	 Retrieving username from CRIC...
DEBUG 2020-08-21 08:10:54.146 UTC: 	 username is sobarman
DEBUG 2020-08-21 08:10:54.152 UTC: 	 Getting myproxy life time left for myproxy.cern.ch
DEBUG 2020-08-21 08:10:54.153 UTC: 	 using sobarman_CRAB as credential login name
DEBUG 2020-08-21 08:10:54.457 UTC: 	 Executing : 
 command : myproxy-info -l sobarman_CRAB -s myproxy.cern.ch
 output : username: sobarman_CRAB
owner: /DC=ch/DC=cern/OU=Organic Units/OU=Users/CN=sobarman/CN=839376/CN=Soumyadip Barman
  renewal policy: /DC=ch/DC=cern/OU=computers/CN=vocms0105.cern.ch|/DC=ch/DC=cern/OU=computers/CN=crab-(preprod|prod|dev)-tw(02|01).cern.ch|/DC=ch/DC=cern/OU=computers/CN=(ddi|ddidk|mytw).cern.ch|/DC=ch/DC=cern/OU=computers/CN=stefanov(m|m2).cern.ch
  trusted retrieval policy: /DC=ch/DC=cern/OU=computers/CN=vocms0105.cern.ch|/DC=ch/DC=cern/OU=computers/CN=crab-(preprod|prod|dev)-tw(02|01).cern.ch|/DC=ch/DC=cern/OU=computers/CN=(ddi|ddidk|mytw).cern.ch|/DC=ch/DC=cern/OU=computers/CN=stefanov(m|m2).cern.ch
  timeleft: 391:33:25  (16.3 days)

 error: 
 retcode : 0
DEBUG 2020-08-21 08:10:54.457 UTC: 	 Myproxy is valid: 1409605
DEBUG 2020-08-21 08:10:54.457 UTC: 	 Command use: submit
DEBUG 2020-08-21 08:10:54.457 UTC: 	 Options use: ['-c', 'crabConfig_MC_generation_ttbar_QCD_NLO_4f_mg273.py']
DEBUG 2020-08-21 08:10:54.550 UTC: 	 CRABClient version: v3.200719
DEBUG 2020-08-21 08:10:54.550 UTC: 	 Instance is prod
DEBUG 2020-08-21 08:10:54.550 UTC: 	 Server base url is cmsweb.cern.ch
DEBUG 2020-08-21 08:10:54.550 UTC: 	 Command url /crabserver/prod/workflow
DEBUG 2020-08-21 08:10:54.550 UTC: 	 Started submission
DEBUG 2020-08-21 08:10:54.550 UTC: 	 Working on /afs/cern.ch/work/s/sobarman/private/Fragments/CMSSW_11_0_2/src/Configuration/GenProduction/python/crab_files/crab_projects/crab_ttbar_QCD_NLO_4f_mg273-v4
DEBUG 2020-08-21 08:10:54.686 UTC: 	 Loading required information from the environment
DEBUG 2020-08-21 08:10:54.686 UTC: 	 Found CMSSW_11_0_2 for slc7_amd64_gcc820 with base /afs/cern.ch/work/s/sobarman/private/Fragments/CMSSW_11_0_2
DEBUG 2020-08-21 08:10:54.686 UTC: 	 UNIQUE NAME: tarUUID 25cb618c-3804-4a5e-8a57-d8b8d3c6313f 
DEBUG 2020-08-21 08:10:54.686 UTC: 	 self.config: from WMCore.Configuration import Configuration
config = Configuration()
config.section_('General')
config.General.transferLogs = True
config.General.transferOutputs = True
config.General.workArea = 'crab_projects'
config.General.requestName = 'ttbar_QCD_NLO_4f_mg273-v4'
config.section_('JobType')
config.JobType.psetName = '../configs/Hadronizer_TuneCP5_13TeV_aMCatNLO_2p_LHE_pythia8_ttbar_QCD_NLO_4f_mg273_cfg.py'
config.JobType.pluginName = 'PrivateMC'
config.JobType.inputFiles = ['/afs/cern.ch/work/s/sobarman/private/MC@NLO/Gridpack/ttbar_QCD_NLO_4f_mg273_slc7_amd64_gcc630_CMSSW_9_3_16_tarball.tar.xz']
config.section_('Data')
config.Data.outputDatasetTag = 'Generator_Negative_weight'
config.Data.publication = False
config.Data.unitsPerJob = 1000
config.Data.splitting = 'EventBased'
config.Data.outLFNDirBase = '/store/user/sobarman/'
config.Data.outputPrimaryDataset = 'ttbar_QCD_NLO_4f_mg273-v1'
config.Data.totalUnits = 2000
config.section_('Site')
config.Site.storageSite = 'T2_IN_TIFR'
config.section_('User')
config.section_('Debug')

DEBUG 2020-08-21 08:10:54.686 UTC: 	 self.config.JobType.psetName: ../configs/Hadronizer_TuneCP5_13TeV_aMCatNLO_2p_LHE_pythia8_ttbar_QCD_NLO_4f_mg273_cfg.py
INFO 2020-08-21 08:10:54.686 UTC: 	 Importing CMSSW configuration ../configs/Hadronizer_TuneCP5_13TeV_aMCatNLO_2p_LHE_pythia8_ttbar_QCD_NLO_4f_mg273_cfg.py
INFO 2020-08-21 08:10:56.959 UTC: 	 Finished importing CMSSW configuration ../configs/Hadronizer_TuneCP5_13TeV_aMCatNLO_2p_LHE_pythia8_ttbar_QCD_NLO_4f_mg273_cfg.py
DEBUG 2020-08-21 08:10:56.959 UTC: 	 Writing CMSSW configuration to /afs/cern.ch/work/s/sobarman/private/Fragments/CMSSW_11_0_2/src/Configuration/GenProduction/python/crab_files/crab_projects/crab_ttbar_QCD_NLO_4f_mg273-v4/inputs/PSet.py
DEBUG 2020-08-21 08:10:57.638 UTC: 	 The following EDM output files will be collected: ['ttbar_QCD_NLO_4f_mg273.root']
DEBUG 2020-08-21 08:10:57.638 UTC: 	 The following TFile output files will be collected: []
DEBUG 2020-08-21 08:10:57.638 UTC: 	 The following user output files (not listed as PoolOuputModule or TFileService in the CMSSW PSet) will be collected: 
DEBUG 2020-08-21 08:10:57.638 UTC: 	 Loading required information from the environment
DEBUG 2020-08-21 08:10:57.638 UTC: 	 Found CMSSW_11_0_2 for slc7_amd64_gcc820 with base /afs/cern.ch/work/s/sobarman/private/Fragments/CMSSW_11_0_2
DEBUG 2020-08-21 08:10:57.638 UTC: 	 Making tarball in /afs/cern.ch/work/s/sobarman/private/Fragments/CMSSW_11_0_2/src/Configuration/GenProduction/python/crab_files/crab_projects/crab_ttbar_QCD_NLO_4f_mg273-v4/inputs/25cb618c-3804-4a5e-8a57-d8b8d3c6313fdefault.tgz
DEBUG 2020-08-21 08:10:57.639 UTC: 	 Checking directory /afs/cern.ch/work/s/sobarman/private/Fragments/CMSSW_11_0_2/lib
DEBUG 2020-08-21 08:10:57.639 UTC: 	 Adding directory /afs/cern.ch/work/s/sobarman/private/Fragments/CMSSW_11_0_2/lib to tarball
DEBUG 2020-08-21 08:10:57.968 UTC: 	 Checking directory /afs/cern.ch/work/s/sobarman/private/Fragments/CMSSW_11_0_2/biglib
DEBUG 2020-08-21 08:10:57.968 UTC: 	 Adding directory /afs/cern.ch/work/s/sobarman/private/Fragments/CMSSW_11_0_2/biglib to tarball
DEBUG 2020-08-21 08:10:57.968 UTC: 	 Checking directory /afs/cern.ch/work/s/sobarman/private/Fragments/CMSSW_11_0_2/module
DEBUG 2020-08-21 08:10:58.017 UTC: 	 Adding data directory /afs/cern.ch/work/s/sobarman/private/Fragments/CMSSW_11_0_2/src/Configuration/PyReleaseValidation/data to tarball
DEBUG 2020-08-21 08:11:02.415 UTC: 	 Adding data directory /afs/cern.ch/work/s/sobarman/private/Fragments/CMSSW_11_0_2/src/PhysicsTools/NanoAOD/interface to tarball
DEBUG 2020-08-21 08:11:02.435 UTC: 	 Adding file /afs/cern.ch/work/s/sobarman/private/MC@NLO/Gridpack/ttbar_QCD_NLO_4f_mg273_slc7_amd64_gcc630_CMSSW_9_3_16_tarball.tar.xz to tarball
DEBUG 2020-08-21 08:11:18.847 UTC: 	 Uploading archive /afs/cern.ch/work/s/sobarman/private/Fragments/CMSSW_11_0_2/src/Configuration/GenProduction/python/crab_files/crab_projects/crab_ttbar_QCD_NLO_4f_mg273-v4/inputs/25cb618c-3804-4a5e-8a57-d8b8d3c6313fdefault.tgz (61 MB) to the CRAB cache. Using URI https://cmsweb.cern.ch/crabcache
DEBUG 2020-08-21 08:11:49.107 UTC: 	 Loading required information from the environment
DEBUG 2020-08-21 08:11:49.107 UTC: 	 Found CMSSW_11_0_2 for slc7_amd64_gcc820 with base /afs/cern.ch/work/s/sobarman/private/Fragments/CMSSW_11_0_2
DEBUG 2020-08-21 08:11:49.107 UTC: 	 Making tarball in /afs/cern.ch/work/s/sobarman/private/Fragments/CMSSW_11_0_2/src/Configuration/GenProduction/python/crab_files/crab_projects/crab_ttbar_QCD_NLO_4f_mg273-v4/inputs/debugFiles.tgz
DEBUG 2020-08-21 08:11:49.114 UTC: 	 Uploading archive /afs/cern.ch/work/s/sobarman/private/Fragments/CMSSW_11_0_2/src/Configuration/GenProduction/python/crab_files/crab_projects/crab_ttbar_QCD_NLO_4f_mg273-v4/inputs/debugFiles.tgz (3 KB) to the CRAB cache. Using URI https://cmsweb.cern.ch/crabcache
DEBUG 2020-08-21 08:11:49.176 UTC: 	 Result uploading input files: 70f7465475332d953d8c75586878d551c95487565c21711d90f55957b04b4ce1.tar.gz 
INFO 2020-08-21 08:11:49.177 UTC: 	 Sending the request to the server at cmsweb.cern.ch
DEBUG 2020-08-21 08:11:49.177 UTC: 	 Submitting {'maxjobruntime': 1250, 'extrajdl': [], 'ignorelocality': 0, 'savelogsflag': 1, 'useparent': 0, 'asyncdest': 'T2_IN_TIFR', 'algoargs': 1000, 'cachefilename': '70f7465475332d953d8c75586878d551c95487565c21711d90f55957b04b4ce1.tar.gz', 'numcores': 1, 'addoutputfiles': [], 'generator': 'pythia', 'maxmemory': 2000, 'publishdbsurl': 'https://cmsweb.cern.ch/dbs/prod/phys03/DBSWriter', 'priority': 10, 'jobsw': 'CMSSW_11_0_2', 'edmoutfiles': ['ttbar_QCD_NLO_4f_mg273.root'], 'userfiles': [], 'primarydataset': 'ttbar_QCD_NLO_4f_mg273-v1', 'inputdata': '', 'lfn': '/store/user/sobarman/', 'dryrun': 0, 'workflow': 'crab_ttbar_QCD_NLO_4f_mg273-v4', 'cacheurl': u'https://cmsweb.cern.ch/crabcache', 'nonprodsw': 0, 'tfileoutfiles': [], 'oneEventMode': 0, 'debugfilename': 'afb4b1c02cbf7b0b8757aaf827ca727915ceec37b63a3958677c67d7dca73668.tar.gz', 'saveoutput': 1, 'publication': 0, 'jobarch': 'slc7_amd64_gcc820', 'totalunits': 2000, 'splitalgo': 'EventBased', 'ignoreglobalblacklist': 0, 'nonvaliddata': 0, 'dbsurl': 'https://cmsweb.cern.ch/dbs/prod/global/DBSReader', 'publishgroupname': 0, 'jobtype': 'PrivateMC', 'publishname2': 'Generator_Negative_weight'} 
DEBUG 2020-08-21 08:11:49.177 UTC: 	 Encoded submit request: maxjobruntime=1250&ignorelocality=0&savelogsflag=1&useparent=0&asyncdest=T2_IN_TIFR&algoargs=1000&cachefilename=70f7465475332d953d8c75586878d551c95487565c21711d90f55957b04b4ce1.tar.gz&numcores=1&generator=pythia&maxmemory=2000&publishdbsurl=https%3A%2F%2Fcmsweb.cern.ch%2Fdbs%2Fprod%2Fphys03%2FDBSWriter&priority=10&jobsw=CMSSW_11_0_2&primarydataset=ttbar_QCD_NLO_4f_mg273-v1&inputdata=&lfn=%2Fstore%2Fuser%2Fsobarman%2F&dryrun=0&workflow=crab_ttbar_QCD_NLO_4f_mg273-v4&cacheurl=https%3A%2F%2Fcmsweb.cern.ch%2Fcrabcache&nonprodsw=0&oneEventMode=0&debugfilename=afb4b1c02cbf7b0b8757aaf827ca727915ceec37b63a3958677c67d7dca73668.tar.gz&saveoutput=1&publication=0&jobarch=slc7_amd64_gcc820&totalunits=2000&splitalgo=EventBased&ignoreglobalblacklist=0&nonvaliddata=0&dbsurl=https%3A%2F%2Fcmsweb.cern.ch%2Fdbs%2Fprod%2Fglobal%2FDBSReader&publishgroupname=0&jobtype=PrivateMC&publishname2=Generator_Negative_weight&edmoutfiles=ttbar_QCD_NLO_4f_mg273.root
DEBUG 2020-08-21 08:11:49.315 UTC: 	 Result: {u'result': [{u'RequestName': u'200821_081149:sobarman_crab_ttbar_QCD_NLO_4f_mg273-v4'}]}
INFO 2020-08-21 08:11:49.317 UTC: 	 Success: Your task has been delivered to the prod CRAB3 server.
INFO 2020-08-21 08:11:49.317 UTC: 	 Task name: 200821_081149:sobarman_crab_ttbar_QCD_NLO_4f_mg273-v4
INFO 2020-08-21 08:11:49.317 UTC: 	 Project dir: crab_projects/crab_ttbar_QCD_NLO_4f_mg273-v4
INFO 2020-08-21 08:11:49.318 UTC: 	 Please use ' crab status -d crab_projects/crab_ttbar_QCD_NLO_4f_mg273-v4 ' to check how the submission process proceeds.
DEBUG 2020-08-21 08:11:49.318 UTC: 	 About to return
INFO 2020-08-21 08:11:49.320 UTC: 	 Log file is /afs/cern.ch/work/s/sobarman/private/Fragments/CMSSW_11_0_2/src/Configuration/GenProduction/python/crab_files/crab_projects/crab_ttbar_QCD_NLO_4f_mg273-v4/crab.log
DEBUG 2020-08-21 08:12:26.079 UTC: 	 CRAB Client version: v3.200719
DEBUG 2020-08-21 08:12:26.080 UTC: 	 Running on: Linux lxplus730.cern.ch 3.10.0-1127.13.1.el7.x86_64 #1 SMP Tue Jun 23 15:46:38 UTC 2020 x86_64 x86_64 x86_64 GNU/Linux - CentOS Linux 7 (Core)
DEBUG 2020-08-21 08:12:26.093 UTC: 	 OpenSSl version: OpenSSL 1.0.2k-fips  26 Jan 2017 (Library: OpenSSL 1.0.2d-fips 9 Jul 2015)
DEBUG 2020-08-21 08:12:26.093 UTC: 	 Executing command: 'status'
DEBUG 2020-08-21 08:12:26.093 UTC: 	 Found CRAB cache file /afs/cern.ch/user/s/sobarman/.crab3
DEBUG 2020-08-21 08:12:26.205 UTC: 	 Checking credentials
DEBUG 2020-08-21 08:12:26.206 UTC: 	 Found proxy file /tmp/x509up_u124615
DEBUG 2020-08-21 08:12:26.206 UTC: 	 Getting proxy life time left
DEBUG 2020-08-21 08:12:26.810 UTC: 	 Executing : 
 command : voms-proxy-info -file /tmp/x509up_u124615 -timeleft
 output : 39604

 error: 
 retcode : 0
DEBUG 2020-08-21 08:12:27.415 UTC: 	 Executing : 
 command : voms-proxy-info -file /tmp/x509up_u124615 -actimeleft
 output : 39603

 error: 
 retcode : 0
DEBUG 2020-08-21 08:12:27.416 UTC: 	 Proxy lifetime 39604 secs is different from voms extension lifetime 39603 secs for proxy: /tmp/x509up_u124615
DEBUG 2020-08-21 08:12:27.416 UTC: 	 Proxy valid for 11:00:03 hours
DEBUG 2020-08-21 08:12:27.550 UTC: 	 Registering user credentials for server /DC=ch/DC=cern/OU=computers/CN=vocms0105.cern.ch|/DC=ch/DC=cern/OU=computers/CN=crab-(preprod|prod|dev)-tw(02|01).cern.ch|/DC=ch/DC=cern/OU=computers/CN=(ddi|ddidk|mytw).cern.ch|/DC=ch/DC=cern/OU=computers/CN=stefanov(m|m2).cern.ch
DEBUG 2020-08-21 08:12:27.660 UTC: 	 Executing : 
 command : openssl x509 -in ~/.globus/usercert.pem -subject -noout
 output : subject= /DC=ch/DC=cern/OU=Organic Units/OU=Users/CN=sobarman/CN=839376/CN=Soumyadip Barman

 error: 
 retcode : 0
DEBUG 2020-08-21 08:12:27.661 UTC: 	 Getting myproxy life time left for myproxy.cern.ch
DEBUG 2020-08-21 08:12:27.661 UTC: 	 Calculating hash of /DC=ch/DC=cern/OU=Organic Units/OU=Users/CN=sobarman/CN=839376/CN=Soumyadip Barman_cmsweb.cern.ch for credential name
DEBUG 2020-08-21 08:12:27.965 UTC: 	 Executing : 
 command : myproxy-info -l 53eba2ac31db42de697e6b6e421418d457bb442e -s myproxy.cern.ch
 output : username: 53eba2ac31db42de697e6b6e421418d457bb442e
owner: /DC=ch/DC=cern/OU=Organic Units/OU=Users/CN=sobarman/CN=839376/CN=Soumyadip Barman
  renewal policy: /DC=ch/DC=cern/OU=computers/CN=vocms0105.cern.ch|/DC=ch/DC=cern/OU=computers/CN=crab-(preprod|prod|dev)-tw(02|01).cern.ch|/DC=ch/DC=cern/OU=computers/CN=(ddi|ddidk|mytw).cern.ch|/DC=ch/DC=cern/OU=computers/CN=stefanov(m|m2).cern.ch
  trusted retrieval policy: /DC=ch/DC=cern/OU=computers/CN=vocms0105.cern.ch|/DC=ch/DC=cern/OU=computers/CN=crab-(preprod|prod|dev)-tw(02|01).cern.ch|/DC=ch/DC=cern/OU=computers/CN=(ddi|ddidk|mytw).cern.ch|/DC=ch/DC=cern/OU=computers/CN=stefanov(m|m2).cern.ch
  timeleft: 391:31:39  (16.3 days)

 error: 
 retcode : 0
DEBUG 2020-08-21 08:12:27.966 UTC: 	 Myproxy is valid: 1409499
DEBUG 2020-08-21 08:12:27.966 UTC: 	 Retrieving username ...
DEBUG 2020-08-21 08:12:27.966 UTC: 	 Retrieving username from CRIC...
DEBUG 2020-08-21 08:12:28.658 UTC: 	 username is sobarman
DEBUG 2020-08-21 08:12:28.664 UTC: 	 Getting myproxy life time left for myproxy.cern.ch
DEBUG 2020-08-21 08:12:28.664 UTC: 	 using sobarman_CRAB as credential login name
DEBUG 2020-08-21 08:12:28.968 UTC: 	 Executing : 
 command : myproxy-info -l sobarman_CRAB -s myproxy.cern.ch
 output : username: sobarman_CRAB
owner: /DC=ch/DC=cern/OU=Organic Units/OU=Users/CN=sobarman/CN=839376/CN=Soumyadip Barman
  renewal policy: /DC=ch/DC=cern/OU=computers/CN=vocms0105.cern.ch|/DC=ch/DC=cern/OU=computers/CN=crab-(preprod|prod|dev)-tw(02|01).cern.ch|/DC=ch/DC=cern/OU=computers/CN=(ddi|ddidk|mytw).cern.ch|/DC=ch/DC=cern/OU=computers/CN=stefanov(m|m2).cern.ch
  trusted retrieval policy: /DC=ch/DC=cern/OU=computers/CN=vocms0105.cern.ch|/DC=ch/DC=cern/OU=computers/CN=crab-(preprod|prod|dev)-tw(02|01).cern.ch|/DC=ch/DC=cern/OU=computers/CN=(ddi|ddidk|mytw).cern.ch|/DC=ch/DC=cern/OU=computers/CN=stefanov(m|m2).cern.ch
  timeleft: 391:31:51  (16.3 days)

 error: 
 retcode : 0
DEBUG 2020-08-21 08:12:28.968 UTC: 	 Myproxy is valid: 1409511
DEBUG 2020-08-21 08:12:28.969 UTC: 	 Command use: status
DEBUG 2020-08-21 08:12:28.969 UTC: 	 Options use: ['-d', 'crab_projects/crab_ttbar_QCD_NLO_4f_mg273-v4']
DEBUG 2020-08-21 08:12:29.054 UTC: 	 CRABClient version: v3.200719
DEBUG 2020-08-21 08:12:29.054 UTC: 	 Instance is prod
DEBUG 2020-08-21 08:12:29.054 UTC: 	 Server base url is cmsweb.cern.ch
DEBUG 2020-08-21 08:12:29.054 UTC: 	 Command url /crabserver/prod/workflow
DEBUG 2020-08-21 08:12:29.132 UTC: 	 Got information from server oracle database: {u'result': [u'200821_081149:sobarman_crab_ttbar_QCD_NLO_4f_mg273-v4', u'None', u'None', u'SUBMITTED', u'SUBMIT', u'2020-08-21 08:11:49.308706', u'None', u'2020-08-21 08:12:25.352778', u'None', u'CMSSW_11_0_2', u'slc7_amd64_gcc820', u'None', u'F', u'0', u'[]', u'[]', u'EventBased', u"{'splitOnRun': False, 'events_per_job': 1000, 'halt_job_on_file_boundaries': False, 'runs': [], 'lumis': []}", u'70f7465475332d953d8c75586878d551c95487565c21711d90f55957b04b4ce1.tar.gz', u'https://cmsweb.cern.ch/crabcache', u'sobarman', u'/DC=ch/DC=cern/OU=Organic Units/OU=Users/CN=sobarman/CN=839376/CN=Soumyadip Barman', u'cms', u'None', u'None', u'Generator_Negative_weight-00000000000000000000000000000000', u'F', u'T2_IN_TIFR', u'https://cmsweb.cern.ch/dbs/prod/global/DBSReader', u'https://cmsweb.cern.ch/dbs/prod/phys03/DBSWriter', u'F', u'[]', u'[]', u"['ttbar_QCD_NLO_4f_mg273.root']", u'PrivateMC', u'pythia', u'None', u'{}', u'[]', u'T', u'crab-prod-tw01', u'[]', u'1250', u'1', u'2000', u'10', u'None', u'[]', u'None', u'None', u'[]', u'[]', u'https://cmsweb.cern.ch/crabserver/prod', u'cmsgwms-collector-global.cern.ch:9620,cmsgwms-collector-global.fnal.gov', u'crab3@vocms0155.cern.ch', u'F', u'[]', u'T', u'/store/user/sobarman/', u'F', u'None', u'F', u'None', u'ttbar_QCD_NLO_4f_mg273-v1', u'None', u'afb4b1c02cbf7b0b8757aaf827ca727915ceec37b63a3958677c67d7dca73668.tar.gz', u'58698194', u'filetransfers', u'F', u'2001:1458:d00:3b::100:3e6', u'2000.0', u'None'], u'desc': {u'columns': [u'tm_taskname', u'tm_activity', u'panda_jobset_id', u'tm_task_status', u'tm_task_command', u'tm_start_time', u'tm_start_injection', u'tm_end_injection', u'tm_task_failure', u'tm_job_sw', u'tm_job_arch', u'tm_input_dataset', u'tm_nonvalid_input_dataset', u'tm_use_parent', u'tm_site_whitelist', u'tm_site_blacklist', u'tm_split_algo', u'tm_split_args', u'tm_user_sandbox', u'tm_cache_url', u'tm_username', u'tm_user_dn', u'tm_user_vo', u'tm_user_role', u'tm_user_group', u'tm_publish_name', u'tm_publish_groupname', u'tm_asyncdest', u'tm_dbs_url', u'tm_publish_dbs_url', u'tm_publication', u'tm_outfiles', u'tm_tfile_outfiles', u'tm_edm_outfiles', u'tm_job_type', u'tm_generator', u'tm_events_per_lumi', u'tm_arguments', u'panda_resubmitted_jobs', u'tm_save_logs', u'tw_name', u'tm_user_infiles', u'tm_maxjobruntime', u'tm_numcores', u'tm_maxmemory', u'tm_priority', u'tm_output_dataset', u'tm_task_warnings', u'tm_user_webdir', u'tm_scriptexe', u'tm_scriptargs', u'tm_extrajdl', u'tm_asourl', u'tm_collector', u'tm_schedd', u'tm_dry_run', u'tm_user_files', u'tm_transfer_outputs', u'tm_output_lfn', u'tm_ignore_locality', u'tm_fail_limit', u'tm_one_event_mode', u'tm_secondary_input_dataset', u'tm_primary_dataset', u'tm_last_publication', u'tm_debug_files', u'clusterid', u'tm_asodb', u'tm_ignore_global_blacklist', u'tm_submitter_ip_addr', u'tm_totalunits', u'tm_ddm_reqid']}}
INFO 2020-08-21 08:12:29.133 UTC: 	 CRAB project directory:		/afs/cern.ch/work/s/sobarman/private/Fragments/CMSSW_11_0_2/src/Configuration/GenProduction/python/crab_files/crab_projects/crab_ttbar_QCD_NLO_4f_mg273-v4
INFO 2020-08-21 08:12:29.133 UTC: 	 Task name:			200821_081149:sobarman_crab_ttbar_QCD_NLO_4f_mg273-v4
INFO 2020-08-21 08:12:29.133 UTC: 	 Grid scheduler - Task Worker:	crab3@vocms0155.cern.ch - crab-prod-tw01
INFO 2020-08-21 08:12:29.133 UTC: 	 Status on the CRAB server:	SUBMITTED
INFO 2020-08-21 08:12:29.133 UTC: 	 Task URL to use for HELP:	https://cmsweb.cern.ch/crabserver/ui/task/200821_081149%3Asobarman_crab_ttbar_QCD_NLO_4f_mg273-v4
INFO 2020-08-21 08:12:29.136 UTC: 	 Dashboard monitoring URL:	https://monit-grafana.cern.ch/d/cmsTMDetail/cms-task-monitoring-task-view?orgId=11&var-user=sobarman&var-task=200821_081149%3Asobarman_crab_ttbar_QCD_NLO_4f_mg273-v4&from=1597997509000&to=now
INFO 2020-08-21 08:12:29.136 UTC: 	 In case of issues with the dashboard, please provide feedback to hn-cms-computing-tools@cern.ch
DEBUG 2020-08-21 08:12:29.137 UTC: 	 The CRAB server submitted your task to the Grid scheduler (cluster ID: 58698194)
INFO 2020-08-21 08:12:29.442 UTC: 	 Waiting for the Grid scheduler to bootstrap your task
DEBUG 2020-08-21 08:12:29.442 UTC: 	 Schedd has not reported back the webdir (yet)
INFO 2020-08-21 08:12:29.444 UTC: 	 Log file is /afs/cern.ch/work/s/sobarman/private/Fragments/CMSSW_11_0_2/src/Configuration/GenProduction/python/crab_files/crab_projects/crab_ttbar_QCD_NLO_4f_mg273-v4/crab.log
DEBUG 2020-08-21 08:25:38.278 UTC: 	 CRAB Client version: v3.200719
DEBUG 2020-08-21 08:25:38.278 UTC: 	 Running on: Linux lxplus730.cern.ch 3.10.0-1127.13.1.el7.x86_64 #1 SMP Tue Jun 23 15:46:38 UTC 2020 x86_64 x86_64 x86_64 GNU/Linux - CentOS Linux 7 (Core)
DEBUG 2020-08-21 08:25:38.292 UTC: 	 OpenSSl version: OpenSSL 1.0.2k-fips  26 Jan 2017 (Library: OpenSSL 1.0.2d-fips 9 Jul 2015)
DEBUG 2020-08-21 08:25:38.292 UTC: 	 Executing command: 'status'
DEBUG 2020-08-21 08:25:38.294 UTC: 	 Found CRAB cache file /afs/cern.ch/user/s/sobarman/.crab3
DEBUG 2020-08-21 08:25:38.312 UTC: 	 Checking credentials
DEBUG 2020-08-21 08:25:38.313 UTC: 	 Found proxy file /tmp/x509up_u124615
DEBUG 2020-08-21 08:25:38.313 UTC: 	 Getting proxy life time left
DEBUG 2020-08-21 08:25:38.918 UTC: 	 Executing : 
 command : voms-proxy-info -file /tmp/x509up_u124615 -timeleft
 output : 38812

 error: 
 retcode : 0
DEBUG 2020-08-21 08:25:39.524 UTC: 	 Executing : 
 command : voms-proxy-info -file /tmp/x509up_u124615 -actimeleft
 output : 38811

 error: 
 retcode : 0
DEBUG 2020-08-21 08:25:39.524 UTC: 	 Proxy lifetime 38812 secs is different from voms extension lifetime 38811 secs for proxy: /tmp/x509up_u124615
DEBUG 2020-08-21 08:25:39.524 UTC: 	 Proxy valid for 10:46:51 hours
DEBUG 2020-08-21 08:25:45.102 UTC: 	 Registering user credentials for server /DC=ch/DC=cern/OU=computers/CN=vocms0105.cern.ch|/DC=ch/DC=cern/OU=computers/CN=crab-(preprod|prod|dev)-tw(02|01).cern.ch|/DC=ch/DC=cern/OU=computers/CN=(ddi|ddidk|mytw).cern.ch|/DC=ch/DC=cern/OU=computers/CN=stefanov(m|m2).cern.ch
DEBUG 2020-08-21 08:25:45.214 UTC: 	 Executing : 
 command : openssl x509 -in ~/.globus/usercert.pem -subject -noout
 output : subject= /DC=ch/DC=cern/OU=Organic Units/OU=Users/CN=sobarman/CN=839376/CN=Soumyadip Barman

 error: 
 retcode : 0
DEBUG 2020-08-21 08:25:45.214 UTC: 	 Getting myproxy life time left for myproxy.cern.ch
DEBUG 2020-08-21 08:25:45.214 UTC: 	 Calculating hash of /DC=ch/DC=cern/OU=Organic Units/OU=Users/CN=sobarman/CN=839376/CN=Soumyadip Barman_cmsweb.cern.ch for credential name
DEBUG 2020-08-21 08:25:45.619 UTC: 	 Executing : 
 command : myproxy-info -l 53eba2ac31db42de697e6b6e421418d457bb442e -s myproxy.cern.ch
 output : username: 53eba2ac31db42de697e6b6e421418d457bb442e
owner: /DC=ch/DC=cern/OU=Organic Units/OU=Users/CN=sobarman/CN=839376/CN=Soumyadip Barman
  renewal policy: /DC=ch/DC=cern/OU=computers/CN=vocms0105.cern.ch|/DC=ch/DC=cern/OU=computers/CN=crab-(preprod|prod|dev)-tw(02|01).cern.ch|/DC=ch/DC=cern/OU=computers/CN=(ddi|ddidk|mytw).cern.ch|/DC=ch/DC=cern/OU=computers/CN=stefanov(m|m2).cern.ch
  trusted retrieval policy: /DC=ch/DC=cern/OU=computers/CN=vocms0105.cern.ch|/DC=ch/DC=cern/OU=computers/CN=crab-(preprod|prod|dev)-tw(02|01).cern.ch|/DC=ch/DC=cern/OU=computers/CN=(ddi|ddidk|mytw).cern.ch|/DC=ch/DC=cern/OU=computers/CN=stefanov(m|m2).cern.ch
  timeleft: 391:18:21  (16.3 days)

 error: 
 retcode : 0
DEBUG 2020-08-21 08:25:45.620 UTC: 	 Myproxy is valid: 1408701
DEBUG 2020-08-21 08:25:45.620 UTC: 	 Retrieving username ...
DEBUG 2020-08-21 08:25:45.620 UTC: 	 Retrieving username from CRIC...
DEBUG 2020-08-21 08:25:46.442 UTC: 	 username is sobarman
DEBUG 2020-08-21 08:25:46.448 UTC: 	 Getting myproxy life time left for myproxy.cern.ch
DEBUG 2020-08-21 08:25:46.448 UTC: 	 using sobarman_CRAB as credential login name
DEBUG 2020-08-21 08:25:46.755 UTC: 	 Executing : 
 command : myproxy-info -l sobarman_CRAB -s myproxy.cern.ch
 output : username: sobarman_CRAB
owner: /DC=ch/DC=cern/OU=Organic Units/OU=Users/CN=sobarman/CN=839376/CN=Soumyadip Barman
  renewal policy: /DC=ch/DC=cern/OU=computers/CN=vocms0105.cern.ch|/DC=ch/DC=cern/OU=computers/CN=crab-(preprod|prod|dev)-tw(02|01).cern.ch|/DC=ch/DC=cern/OU=computers/CN=(ddi|ddidk|mytw).cern.ch|/DC=ch/DC=cern/OU=computers/CN=stefanov(m|m2).cern.ch
  trusted retrieval policy: /DC=ch/DC=cern/OU=computers/CN=vocms0105.cern.ch|/DC=ch/DC=cern/OU=computers/CN=crab-(preprod|prod|dev)-tw(02|01).cern.ch|/DC=ch/DC=cern/OU=computers/CN=(ddi|ddidk|mytw).cern.ch|/DC=ch/DC=cern/OU=computers/CN=stefanov(m|m2).cern.ch
  timeleft: 391:18:33  (16.3 days)

 error: 
 retcode : 0
DEBUG 2020-08-21 08:25:46.756 UTC: 	 Myproxy is valid: 1408713
DEBUG 2020-08-21 08:25:46.757 UTC: 	 Command use: status
DEBUG 2020-08-21 08:25:46.757 UTC: 	 Options use: ['-d', 'crab_projects/crab_ttbar_QCD_NLO_4f_mg273-v4']
DEBUG 2020-08-21 08:25:46.835 UTC: 	 CRABClient version: v3.200719
DEBUG 2020-08-21 08:25:46.835 UTC: 	 Instance is prod
DEBUG 2020-08-21 08:25:46.835 UTC: 	 Server base url is cmsweb.cern.ch
DEBUG 2020-08-21 08:25:46.835 UTC: 	 Command url /crabserver/prod/workflow
DEBUG 2020-08-21 08:25:46.906 UTC: 	 Got information from server oracle database: {u'result': [u'200821_081149:sobarman_crab_ttbar_QCD_NLO_4f_mg273-v4', u'None', u'None', u'SUBMITTED', u'SUBMIT', u'2020-08-21 08:11:49.308706', u'None', u'2020-08-21 08:12:25.352778', u'None', u'CMSSW_11_0_2', u'slc7_amd64_gcc820', u'None', u'F', u'0', u'[]', u'[]', u'EventBased', u"{'splitOnRun': False, 'events_per_job': 1000, 'halt_job_on_file_boundaries': False, 'runs': [], 'lumis': []}", u'70f7465475332d953d8c75586878d551c95487565c21711d90f55957b04b4ce1.tar.gz', u'https://cmsweb.cern.ch/crabcache', u'sobarman', u'/DC=ch/DC=cern/OU=Organic Units/OU=Users/CN=sobarman/CN=839376/CN=Soumyadip Barman', u'cms', u'None', u'None', u'Generator_Negative_weight-00000000000000000000000000000000', u'F', u'T2_IN_TIFR', u'https://cmsweb.cern.ch/dbs/prod/global/DBSReader', u'https://cmsweb.cern.ch/dbs/prod/phys03/DBSWriter', u'F', u'[]', u'[]', u"['ttbar_QCD_NLO_4f_mg273.root']", u'PrivateMC', u'pythia', u'None', u'{}', u'[]', u'T', u'crab-prod-tw01', u'[]', u'1250', u'1', u'2000', u'10', u'None', u'[]', u'http://vocms0155.cern.ch/mon/cms617/200821_081149:sobarman_crab_ttbar_QCD_NLO_4f_mg273-v4', u'None', u'[]', u'[]', u'https://cmsweb.cern.ch/crabserver/prod', u'cmsgwms-collector-global.cern.ch:9620,cmsgwms-collector-global.fnal.gov', u'crab3@vocms0155.cern.ch', u'F', u'[]', u'T', u'/store/user/sobarman/', u'F', u'None', u'F', u'None', u'ttbar_QCD_NLO_4f_mg273-v1', u'None', u'afb4b1c02cbf7b0b8757aaf827ca727915ceec37b63a3958677c67d7dca73668.tar.gz', u'58698194', u'filetransfers', u'F', u'2001:1458:d00:3b::100:3e6', u'2000.0', u'None'], u'desc': {u'columns': [u'tm_taskname', u'tm_activity', u'panda_jobset_id', u'tm_task_status', u'tm_task_command', u'tm_start_time', u'tm_start_injection', u'tm_end_injection', u'tm_task_failure', u'tm_job_sw', u'tm_job_arch', u'tm_input_dataset', u'tm_nonvalid_input_dataset', u'tm_use_parent', u'tm_site_whitelist', u'tm_site_blacklist', u'tm_split_algo', u'tm_split_args', u'tm_user_sandbox', u'tm_cache_url', u'tm_username', u'tm_user_dn', u'tm_user_vo', u'tm_user_role', u'tm_user_group', u'tm_publish_name', u'tm_publish_groupname', u'tm_asyncdest', u'tm_dbs_url', u'tm_publish_dbs_url', u'tm_publication', u'tm_outfiles', u'tm_tfile_outfiles', u'tm_edm_outfiles', u'tm_job_type', u'tm_generator', u'tm_events_per_lumi', u'tm_arguments', u'panda_resubmitted_jobs', u'tm_save_logs', u'tw_name', u'tm_user_infiles', u'tm_maxjobruntime', u'tm_numcores', u'tm_maxmemory', u'tm_priority', u'tm_output_dataset', u'tm_task_warnings', u'tm_user_webdir', u'tm_scriptexe', u'tm_scriptargs', u'tm_extrajdl', u'tm_asourl', u'tm_collector', u'tm_schedd', u'tm_dry_run', u'tm_user_files', u'tm_transfer_outputs', u'tm_output_lfn', u'tm_ignore_locality', u'tm_fail_limit', u'tm_one_event_mode', u'tm_secondary_input_dataset', u'tm_primary_dataset', u'tm_last_publication', u'tm_debug_files', u'clusterid', u'tm_asodb', u'tm_ignore_global_blacklist', u'tm_submitter_ip_addr', u'tm_totalunits', u'tm_ddm_reqid']}}
INFO 2020-08-21 08:25:46.907 UTC: 	 CRAB project directory:		/afs/cern.ch/work/s/sobarman/private/Fragments/CMSSW_11_0_2/src/Configuration/GenProduction/python/crab_files/crab_projects/crab_ttbar_QCD_NLO_4f_mg273-v4
INFO 2020-08-21 08:25:46.907 UTC: 	 Task name:			200821_081149:sobarman_crab_ttbar_QCD_NLO_4f_mg273-v4
INFO 2020-08-21 08:25:46.907 UTC: 	 Grid scheduler - Task Worker:	crab3@vocms0155.cern.ch - crab-prod-tw01
INFO 2020-08-21 08:25:46.907 UTC: 	 Status on the CRAB server:	SUBMITTED
INFO 2020-08-21 08:25:46.907 UTC: 	 Task URL to use for HELP:	https://cmsweb.cern.ch/crabserver/ui/task/200821_081149%3Asobarman_crab_ttbar_QCD_NLO_4f_mg273-v4
INFO 2020-08-21 08:25:46.912 UTC: 	 Dashboard monitoring URL:	https://monit-grafana.cern.ch/d/cmsTMDetail/cms-task-monitoring-task-view?orgId=11&var-user=sobarman&var-task=200821_081149%3Asobarman_crab_ttbar_QCD_NLO_4f_mg273-v4&from=1597997509000&to=now
INFO 2020-08-21 08:25:46.912 UTC: 	 In case of issues with the dashboard, please provide feedback to hn-cms-computing-tools@cern.ch
DEBUG 2020-08-21 08:25:46.912 UTC: 	 The CRAB server submitted your task to the Grid scheduler (cluster ID: 58698194)
DEBUG 2020-08-21 08:25:46.912 UTC: 	 Webdir is located at http://vocms0155.cern.ch/mon/cms617/200821_081149:sobarman_crab_ttbar_QCD_NLO_4f_mg273-v4
DEBUG 2020-08-21 08:25:46.977 UTC: 	 Proxied webdir is located at https://cmsweb.cern.ch/scheddmon/0155/cms617/200821_081149:sobarman_crab_ttbar_QCD_NLO_4f_mg273-v4
DEBUG 2020-08-21 08:25:46.977 UTC: 	 Retrieving 'status_cache' file from https://cmsweb.cern.ch/scheddmon/0155/cms617/200821_081149:sobarman_crab_ttbar_QCD_NLO_4f_mg273-v4/status_cache
DEBUG 2020-08-21 08:25:47.017 UTC: 	 Got information from status cache file: {'1': {'Retries': 0, 'WallDurations': [9.0, 177.4082338809967], 'StartTimes': [1597998050.0], 'SubmitTimes': [1597997559.0], 'JobIds': ['58698196.0'], 'EndTimes': [], 'Restarts': 0, 'RecordedSite': True, 'State': 'running', 'ResidentSetSize': [33324], 'TotalUserCpuTimeHistory': [3.0], 'SiteHistory': ['Unknown', 'T2_US_Vanderbilt'], 'TotalSysCpuTimeHistory': [0.0]}, '2': {'Retries': 0, 'WallDurations': [10.0, 179.4082338809967], 'StartTimes': [1597998048.0], 'SubmitTimes': [1597997559.0], 'JobIds': ['58698197.0'], 'EndTimes': [], 'Restarts': 0, 'RecordedSite': True, 'State': 'running', 'ResidentSetSize': [31752], 'TotalUserCpuTimeHistory': [0.0], 'SiteHistory': ['Unknown', 'T2_US_Vanderbilt'], 'TotalSysCpuTimeHistory': [0.0]}}
INFO 2020-08-21 08:25:47.018 UTC: 	 Status on the scheduler:	SUBMITTED
INFO 2020-08-21 08:25:47.018 UTC: 	 
Jobs status:                    running      		100.0% (2/2)
INFO 2020-08-21 08:25:47.018 UTC: 	 
No publication information (publication has been disabled in the CRAB configuration file)
INFO 2020-08-21 08:25:47.023 UTC: 	 Log file is /afs/cern.ch/work/s/sobarman/private/Fragments/CMSSW_11_0_2/src/Configuration/GenProduction/python/crab_files/crab_projects/crab_ttbar_QCD_NLO_4f_mg273-v4/crab.log
DEBUG 2020-08-21 11:23:41.338 UTC: 	 CRAB Client version: v3.200719
DEBUG 2020-08-21 11:23:41.339 UTC: 	 Running on: Linux lxplus730.cern.ch 3.10.0-1127.13.1.el7.x86_64 #1 SMP Tue Jun 23 15:46:38 UTC 2020 x86_64 x86_64 x86_64 GNU/Linux - CentOS Linux 7 (Core)
DEBUG 2020-08-21 11:23:41.352 UTC: 	 OpenSSl version: OpenSSL 1.0.2k-fips  26 Jan 2017 (Library: OpenSSL 1.0.2d-fips 9 Jul 2015)
DEBUG 2020-08-21 11:23:41.352 UTC: 	 Executing command: 'status'
DEBUG 2020-08-21 11:23:41.353 UTC: 	 Found CRAB cache file /afs/cern.ch/user/s/sobarman/.crab3
DEBUG 2020-08-21 11:23:41.487 UTC: 	 Checking credentials
DEBUG 2020-08-21 11:23:41.487 UTC: 	 Found proxy file /tmp/x509up_u124615
DEBUG 2020-08-21 11:23:41.487 UTC: 	 Getting proxy life time left
DEBUG 2020-08-21 11:23:42.092 UTC: 	 Executing : 
 command : voms-proxy-info -file /tmp/x509up_u124615 -timeleft
 output : 28128

 error: 
 retcode : 0
DEBUG 2020-08-21 11:23:42.699 UTC: 	 Executing : 
 command : voms-proxy-info -file /tmp/x509up_u124615 -actimeleft
 output : 28128

 error: 
 retcode : 0
DEBUG 2020-08-21 11:23:42.699 UTC: 	 Proxy valid for 07:48:48 hours
DEBUG 2020-08-21 11:23:42.786 UTC: 	 Registering user credentials for server /DC=ch/DC=cern/OU=computers/CN=vocms0105.cern.ch|/DC=ch/DC=cern/OU=computers/CN=crab-(preprod|prod|dev)-tw(02|01).cern.ch|/DC=ch/DC=cern/OU=computers/CN=(ddi|ddidk|mytw).cern.ch|/DC=ch/DC=cern/OU=computers/CN=stefanov(m|m2).cern.ch
DEBUG 2020-08-21 11:23:42.897 UTC: 	 Executing : 
 command : openssl x509 -in ~/.globus/usercert.pem -subject -noout
 output : subject= /DC=ch/DC=cern/OU=Organic Units/OU=Users/CN=sobarman/CN=839376/CN=Soumyadip Barman

 error: 
 retcode : 0
DEBUG 2020-08-21 11:23:42.897 UTC: 	 Getting myproxy life time left for myproxy.cern.ch
DEBUG 2020-08-21 11:23:42.897 UTC: 	 Calculating hash of /DC=ch/DC=cern/OU=Organic Units/OU=Users/CN=sobarman/CN=839376/CN=Soumyadip Barman_cmsweb.cern.ch for credential name
DEBUG 2020-08-21 11:23:43.201 UTC: 	 Executing : 
 command : myproxy-info -l 53eba2ac31db42de697e6b6e421418d457bb442e -s myproxy.cern.ch
 output : username: 53eba2ac31db42de697e6b6e421418d457bb442e
owner: /DC=ch/DC=cern/OU=Organic Units/OU=Users/CN=sobarman/CN=839376/CN=Soumyadip Barman
  renewal policy: /DC=ch/DC=cern/OU=computers/CN=vocms0105.cern.ch|/DC=ch/DC=cern/OU=computers/CN=crab-(preprod|prod|dev)-tw(02|01).cern.ch|/DC=ch/DC=cern/OU=computers/CN=(ddi|ddidk|mytw).cern.ch|/DC=ch/DC=cern/OU=computers/CN=stefanov(m|m2).cern.ch
  trusted retrieval policy: /DC=ch/DC=cern/OU=computers/CN=vocms0105.cern.ch|/DC=ch/DC=cern/OU=computers/CN=crab-(preprod|prod|dev)-tw(02|01).cern.ch|/DC=ch/DC=cern/OU=computers/CN=(ddi|ddidk|mytw).cern.ch|/DC=ch/DC=cern/OU=computers/CN=stefanov(m|m2).cern.ch
  timeleft: 388:20:23  (16.2 days)

 error: 
 retcode : 0
DEBUG 2020-08-21 11:23:43.202 UTC: 	 Myproxy is valid: 1398023
DEBUG 2020-08-21 11:23:43.203 UTC: 	 Retrieving username ...
DEBUG 2020-08-21 11:23:43.203 UTC: 	 Retrieving username from CRIC...
DEBUG 2020-08-21 11:23:43.841 UTC: 	 username is sobarman
DEBUG 2020-08-21 11:23:43.847 UTC: 	 Getting myproxy life time left for myproxy.cern.ch
DEBUG 2020-08-21 11:23:43.847 UTC: 	 using sobarman_CRAB as credential login name
DEBUG 2020-08-21 11:23:44.152 UTC: 	 Executing : 
 command : myproxy-info -l sobarman_CRAB -s myproxy.cern.ch
 output : username: sobarman_CRAB
owner: /DC=ch/DC=cern/OU=Organic Units/OU=Users/CN=sobarman/CN=839376/CN=Soumyadip Barman
  renewal policy: /DC=ch/DC=cern/OU=computers/CN=vocms0105.cern.ch|/DC=ch/DC=cern/OU=computers/CN=crab-(preprod|prod|dev)-tw(02|01).cern.ch|/DC=ch/DC=cern/OU=computers/CN=(ddi|ddidk|mytw).cern.ch|/DC=ch/DC=cern/OU=computers/CN=stefanov(m|m2).cern.ch
  trusted retrieval policy: /DC=ch/DC=cern/OU=computers/CN=vocms0105.cern.ch|/DC=ch/DC=cern/OU=computers/CN=crab-(preprod|prod|dev)-tw(02|01).cern.ch|/DC=ch/DC=cern/OU=computers/CN=(ddi|ddidk|mytw).cern.ch|/DC=ch/DC=cern/OU=computers/CN=stefanov(m|m2).cern.ch
  timeleft: 388:20:35  (16.2 days)

 error: 
 retcode : 0
DEBUG 2020-08-21 11:23:44.153 UTC: 	 Myproxy is valid: 1398035
DEBUG 2020-08-21 11:23:44.153 UTC: 	 Command use: status
DEBUG 2020-08-21 11:23:44.153 UTC: 	 Options use: ['-d', 'crab_projects/crab_ttbar_QCD_NLO_4f_mg273-v4']
DEBUG 2020-08-21 11:23:44.257 UTC: 	 CRABClient version: v3.200719
DEBUG 2020-08-21 11:23:44.257 UTC: 	 Instance is prod
DEBUG 2020-08-21 11:23:44.257 UTC: 	 Server base url is cmsweb.cern.ch
DEBUG 2020-08-21 11:23:44.257 UTC: 	 Command url /crabserver/prod/workflow
DEBUG 2020-08-21 11:23:44.346 UTC: 	 Got information from server oracle database: {u'result': [u'200821_081149:sobarman_crab_ttbar_QCD_NLO_4f_mg273-v4', u'None', u'None', u'SUBMITTED', u'SUBMIT', u'2020-08-21 08:11:49.308706', u'None', u'2020-08-21 08:12:25.352778', u'None', u'CMSSW_11_0_2', u'slc7_amd64_gcc820', u'None', u'F', u'0', u'[]', u'[]', u'EventBased', u"{'splitOnRun': False, 'events_per_job': 1000, 'halt_job_on_file_boundaries': False, 'runs': [], 'lumis': []}", u'70f7465475332d953d8c75586878d551c95487565c21711d90f55957b04b4ce1.tar.gz', u'https://cmsweb.cern.ch/crabcache', u'sobarman', u'/DC=ch/DC=cern/OU=Organic Units/OU=Users/CN=sobarman/CN=839376/CN=Soumyadip Barman', u'cms', u'None', u'None', u'Generator_Negative_weight-00000000000000000000000000000000', u'F', u'T2_IN_TIFR', u'https://cmsweb.cern.ch/dbs/prod/global/DBSReader', u'https://cmsweb.cern.ch/dbs/prod/phys03/DBSWriter', u'F', u'[]', u'[]', u"['ttbar_QCD_NLO_4f_mg273.root']", u'PrivateMC', u'pythia', u'None', u'{}', u'[]', u'T', u'crab-prod-tw01', u'[]', u'1250', u'1', u'2000', u'10', u'None', u'[]', u'http://vocms0155.cern.ch/mon/cms617/200821_081149:sobarman_crab_ttbar_QCD_NLO_4f_mg273-v4', u'None', u'[]', u'[]', u'https://cmsweb.cern.ch/crabserver/prod', u'cmsgwms-collector-global.cern.ch:9620,cmsgwms-collector-global.fnal.gov', u'crab3@vocms0155.cern.ch', u'F', u'[]', u'T', u'/store/user/sobarman/', u'F', u'None', u'F', u'None', u'ttbar_QCD_NLO_4f_mg273-v1', u'None', u'afb4b1c02cbf7b0b8757aaf827ca727915ceec37b63a3958677c67d7dca73668.tar.gz', u'58698194', u'filetransfers', u'F', u'2001:1458:d00:3b::100:3e6', u'2000.0', u'None'], u'desc': {u'columns': [u'tm_taskname', u'tm_activity', u'panda_jobset_id', u'tm_task_status', u'tm_task_command', u'tm_start_time', u'tm_start_injection', u'tm_end_injection', u'tm_task_failure', u'tm_job_sw', u'tm_job_arch', u'tm_input_dataset', u'tm_nonvalid_input_dataset', u'tm_use_parent', u'tm_site_whitelist', u'tm_site_blacklist', u'tm_split_algo', u'tm_split_args', u'tm_user_sandbox', u'tm_cache_url', u'tm_username', u'tm_user_dn', u'tm_user_vo', u'tm_user_role', u'tm_user_group', u'tm_publish_name', u'tm_publish_groupname', u'tm_asyncdest', u'tm_dbs_url', u'tm_publish_dbs_url', u'tm_publication', u'tm_outfiles', u'tm_tfile_outfiles', u'tm_edm_outfiles', u'tm_job_type', u'tm_generator', u'tm_events_per_lumi', u'tm_arguments', u'panda_resubmitted_jobs', u'tm_save_logs', u'tw_name', u'tm_user_infiles', u'tm_maxjobruntime', u'tm_numcores', u'tm_maxmemory', u'tm_priority', u'tm_output_dataset', u'tm_task_warnings', u'tm_user_webdir', u'tm_scriptexe', u'tm_scriptargs', u'tm_extrajdl', u'tm_asourl', u'tm_collector', u'tm_schedd', u'tm_dry_run', u'tm_user_files', u'tm_transfer_outputs', u'tm_output_lfn', u'tm_ignore_locality', u'tm_fail_limit', u'tm_one_event_mode', u'tm_secondary_input_dataset', u'tm_primary_dataset', u'tm_last_publication', u'tm_debug_files', u'clusterid', u'tm_asodb', u'tm_ignore_global_blacklist', u'tm_submitter_ip_addr', u'tm_totalunits', u'tm_ddm_reqid']}}
INFO 2020-08-21 11:23:44.347 UTC: 	 CRAB project directory:		/afs/cern.ch/work/s/sobarman/private/Fragments/CMSSW_11_0_2/src/Configuration/GenProduction/python/crab_files/crab_projects/crab_ttbar_QCD_NLO_4f_mg273-v4
INFO 2020-08-21 11:23:44.347 UTC: 	 Task name:			200821_081149:sobarman_crab_ttbar_QCD_NLO_4f_mg273-v4
INFO 2020-08-21 11:23:44.347 UTC: 	 Grid scheduler - Task Worker:	crab3@vocms0155.cern.ch - crab-prod-tw01
INFO 2020-08-21 11:23:44.347 UTC: 	 Status on the CRAB server:	SUBMITTED
INFO 2020-08-21 11:23:44.347 UTC: 	 Task URL to use for HELP:	https://cmsweb.cern.ch/crabserver/ui/task/200821_081149%3Asobarman_crab_ttbar_QCD_NLO_4f_mg273-v4
INFO 2020-08-21 11:23:44.350 UTC: 	 Dashboard monitoring URL:	https://monit-grafana.cern.ch/d/cmsTMDetail/cms-task-monitoring-task-view?orgId=11&var-user=sobarman&var-task=200821_081149%3Asobarman_crab_ttbar_QCD_NLO_4f_mg273-v4&from=1597997509000&to=now
INFO 2020-08-21 11:23:44.350 UTC: 	 In case of issues with the dashboard, please provide feedback to hn-cms-computing-tools@cern.ch
DEBUG 2020-08-21 11:23:44.350 UTC: 	 The CRAB server submitted your task to the Grid scheduler (cluster ID: 58698194)
DEBUG 2020-08-21 11:23:44.350 UTC: 	 Webdir is located at http://vocms0155.cern.ch/mon/cms617/200821_081149:sobarman_crab_ttbar_QCD_NLO_4f_mg273-v4
DEBUG 2020-08-21 11:23:44.449 UTC: 	 Proxied webdir is located at https://cmsweb.cern.ch/scheddmon/0155/cms617/200821_081149:sobarman_crab_ttbar_QCD_NLO_4f_mg273-v4
DEBUG 2020-08-21 11:23:44.449 UTC: 	 Retrieving 'status_cache' file from https://cmsweb.cern.ch/scheddmon/0155/cms617/200821_081149:sobarman_crab_ttbar_QCD_NLO_4f_mg273-v4/status_cache
DEBUG 2020-08-21 11:23:44.499 UTC: 	 Got information from status cache file: {'1': {'Retries': 0, 'WallDurations': [9.0, 2454.0], 'StartTimes': [1597998050.0], 'SubmitTimes': [1597997559.0], 'JobIds': ['58698196.0'], 'EndTimes': [1598000504.0], 'Restarts': 0, 'RecordedSite': True, 'State': 'finished', 'ResidentSetSize': [749996], 'TotalUserCpuTimeHistory': [2129], 'SiteHistory': ['Unknown', 'T2_US_Vanderbilt'], 'TotalSysCpuTimeHistory': [12]}, '2': {'Retries': 0, 'WallDurations': [10.0, 3834.0], 'StartTimes': [1597998048.0], 'SubmitTimes': [1597997559.0], 'JobIds': ['58698197.0'], 'EndTimes': [1598001882.0], 'Restarts': 0, 'RecordedSite': True, 'State': 'finished', 'ResidentSetSize': [706276], 'TotalUserCpuTimeHistory': [3513], 'SiteHistory': ['Unknown', 'T2_US_Vanderbilt'], 'TotalSysCpuTimeHistory': [12]}}
INFO 2020-08-21 11:23:44.499 UTC: 	 Status on the scheduler:	COMPLETED
INFO 2020-08-21 11:23:44.499 UTC: 	 
Jobs status:                    finished     		100.0% (2/2)
INFO 2020-08-21 11:23:44.499 UTC: 	 
No publication information (publication has been disabled in the CRAB configuration file)
INFO 2020-08-21 11:23:44.499 UTC: 	 
Warning: the max jobs runtime is less than 30% of the task requested value (1250 min), please consider to request a lower value for failed jobs (allowed through crab resubmit) and/or improve the jobs splitting (e.g. config.Data.splitting = 'Automatic') in a new task.
INFO 2020-08-21 11:23:44.499 UTC: 	 
Summary of run jobs:
 * Memory: 732MB min, 732MB max, 711MB ave
 * Runtime: 0:40:54 min, 1:03:54 max, 0:52:24 ave
 * CPU eff: 87% min, 92% max, 90% ave
 * Waste: 0:00:19 (0% of total)

INFO 2020-08-21 11:23:44.516 UTC: 	 Log file is /afs/cern.ch/work/s/sobarman/private/Fragments/CMSSW_11_0_2/src/Configuration/GenProduction/python/crab_files/crab_projects/crab_ttbar_QCD_NLO_4f_mg273-v4/crab.log
